#
# A fatal error has been detected by the Java Runtime Environment:
#
#  EXCEPTION_ACCESS_VIOLATION (0xc0000005) at pc=0x0000000072557fb0, pid=12096, tid=18524
#
# JRE version: Java(TM) SE Runtime Environment (9.0+11) (build 9.0.1+11)
# Java VM: Java HotSpot(TM) 64-Bit Server VM (9.0.1+11, mixed mode, tiered, compressed oops, g1 gc, windows-amd64)
# Problematic frame:
# V  [jvm.dll+0x217fb0]
#
# No core dump will be written. Minidumps are not enabled by default on client versions of Windows
#
# If you would like to submit a bug report, please visit:
#   http://bugreport.java.com/bugreport/crash.jsp
#

---------------  S U M M A R Y ------------

Command Line: -agentlib:jdwp=transport=dt_socket,suspend=y,address=localhost:65045 -Dcom.sun.management.jmxremote -Dcom.sun.management.jmxremote.port=65044 -Dcom.sun.management.jmxremote.authenticate=false -Dcom.sun.management.jmxremote.ssl=false -Djava.rmi.server.hostname=localhost -Dspring.application.admin.enabled=true -Xverify:none -XX:TieredStopAtLevel=1 -Dfile.encoding=UTF-8 heatingbackend.HeatingbackendApplication

Host: Intel(R) Core(TM) i7-4770 CPU @ 3.40GHz, 8 cores, 15G,  Windows 10 , 64 bit Build 15063 (10.0.15063.296)
Time: Sat Nov 18 12:16:46 2017 Mitteleuropäische Zeit elapsed time: 54 seconds (0d 0h 0m 54s)

---------------  T H R E A D  ---------------

Current thread (0x000001dd48c20800):  JavaThread "JDWP Transport Listener: dt_socket" daemon [_thread_in_vm, id=18524, stack(0x0000008d01500000,0x0000008d01600000)]

Stack: [0x0000008d01500000,0x0000008d01600000],  sp=0x0000008d015fee78,  free space=1019k
Native frames: (J=compiled Java code, j=interpreted, Vv=VM code, C=native code)
V  [jvm.dll+0x217fb0]


siginfo: EXCEPTION_ACCESS_VIOLATION (0xc0000005), reading address 0x000001dd4c508400


Register to memory mapping:

RIP=0x0000000072557fb0 jvm.dll
RAX=0x000001dd4c508400 is an unknown value
RBX=0x000001dd48c121b0 is an unknown value
RCX=0x000001dd4c496478 is pointing into metadata
RDX=0x000000000000e3e8 is an unknown value
RSP=0x0000008d015fee78 is pointing into the stack for thread: 0x000001dd48c20800
RBP=0x0000008d015feef9 is pointing into the stack for thread: 0x000001dd48c20800
RSI=0x0000000000000003 is an unknown value
RDI=0x000001dd4c497622 is pointing into metadata
R8 =0x0000000000000000 is an unknown value
R9 =0x0000000000000000 is an unknown value
R10=0x0000008d015ff070 is pointing into the stack for thread: 0x000001dd48c20800
R11=0x0000000000000000 is an unknown value
R12=0x0000000000000053 is an unknown value
R13=0x0000000000000000 is an unknown value
R14=0x0000000000000012 is an unknown value
R15=0x000001dd4c496478 is pointing into metadata


Registers:
RAX=0x000001dd4c508400, RBX=0x000001dd48c121b0, RCX=0x000001dd4c496478, RDX=0x000000000000e3e8
RSP=0x0000008d015fee78, RBP=0x0000008d015feef9, RSI=0x0000000000000003, RDI=0x000001dd4c497622
R8 =0x0000000000000000, R9 =0x0000000000000000, R10=0x0000008d015ff070, R11=0x0000000000000000
R12=0x0000000000000053, R13=0x0000000000000000, R14=0x0000000000000012, R15=0x000001dd4c496478
RIP=0x0000000072557fb0, EFLAGS=0x0000000000010212

Top of Stack: (sp=0x0000008d015fee78)
0x0000008d015fee78:   0000000072920c37 000001dd48c121b0
0x0000008d015fee88:   0000000000000003 000001dd4c508400
0x0000008d015fee98:   0000000072644f00 0000008d015fefd0
0x0000008d015feea8:   0000000072449a74 00000000015ff000
0x0000008d015feeb8:   0000008d00000000 000001dd48c25300
0x0000008d015feec8:   00000007c04a6670 0000008d015ff070
0x0000008d015feed8:   000000007291fa02 000001dd49541ea0
0x0000008d015feee8:   0000008d0000005e 000001dd4c496478
0x0000008d015feef8:   000001dd48c20800 000001dd4c497610
0x0000008d015fef08:   000001dd48bd5748 0000008d015ff158
0x0000008d015fef18:   00000000000003d8 0000008d015ff070
0x0000008d015fef28:   000001dd48c20800 000000000000000b
0x0000008d015fef38:   000001dd4c497250 0000008d015ff070
0x0000008d015fef48:   000001dd48997928 000001dd48c20800
0x0000008d015fef58:   00000000729205a9 0000008d015ff070
0x0000008d015fef68:   000001dd4c4976a8 0000000000000300 

Instructions: (pc=0x0000000072557fb0)
0x0000000072557f90:   c4 50 41 5f 41 5e 41 5d 41 5c 5e c3 cc cc cc cc
0x0000000072557fa0:   48 63 c2 48 83 c0 09 48 8d 04 c1 48 89 44 24 18
0x0000000072557fb0:   48 8b 00 48 89 44 24 08 48 8b 44 24 08 0f b6 c8
0x0000000072557fc0:   f6 d1 f6 c1 01 74 05 48 8b 40 10 c3 48 83 e0 fc 



---------------  P R O C E S S  ---------------

Java Threads: ( => current thread )
  0x000001dd4aeca800 JavaThread "DestroyJavaVM" [_thread_blocked, id=1952, stack(0x0000008d7f500000,0x0000008d7f600000)]
  0x000001dd4aec3000 JavaThread "http-nio-8080-AsyncTimeout" daemon [_thread_blocked, id=20136, stack(0x0000008d03200000,0x0000008d03300000)]
  0x000001dd4aec9000 JavaThread "http-nio-8080-Acceptor-0" daemon [_thread_in_native, id=7396, stack(0x0000008d03100000,0x0000008d03200000)]
  0x000001dd4aec8000 JavaThread "http-nio-8080-ClientPoller-1" daemon [_thread_in_native, id=13020, stack(0x0000008d03000000,0x0000008d03100000)]
  0x000001dd4aec4800 JavaThread "http-nio-8080-ClientPoller-0" daemon [_thread_in_native, id=20056, stack(0x0000008d02f00000,0x0000008d03000000)]
  0x000001dd4aec2000 JavaThread "http-nio-8080-exec-10" daemon [_thread_blocked, id=11376, stack(0x0000008d02e00000,0x0000008d02f00000)]
  0x000001dd49ad1800 JavaThread "http-nio-8080-exec-9" daemon [_thread_blocked, id=7028, stack(0x0000008d02d00000,0x0000008d02e00000)]
  0x000001dd49ad0800 JavaThread "http-nio-8080-exec-8" daemon [_thread_blocked, id=18916, stack(0x0000008d02c00000,0x0000008d02d00000)]
  0x000001dd49ad0000 JavaThread "http-nio-8080-exec-7" daemon [_thread_blocked, id=10004, stack(0x0000008d02b00000,0x0000008d02c00000)]
  0x000001dd49ace800 JavaThread "http-nio-8080-exec-6" daemon [_thread_blocked, id=12820, stack(0x0000008d02a00000,0x0000008d02b00000)]
  0x000001dd49acc000 JavaThread "http-nio-8080-exec-5" daemon [_thread_blocked, id=13560, stack(0x0000008d02900000,0x0000008d02a00000)]
  0x000001dd49acf000 JavaThread "http-nio-8080-exec-4" daemon [_thread_blocked, id=20076, stack(0x0000008d02800000,0x0000008d02900000)]
  0x000001dd49acd800 JavaThread "http-nio-8080-exec-3" daemon [_thread_blocked, id=15168, stack(0x0000008d02700000,0x0000008d02800000)]
  0x000001dd49ad3000 JavaThread "http-nio-8080-exec-2" daemon [_thread_blocked, id=18596, stack(0x0000008d02600000,0x0000008d02700000)]
  0x000001dd49acd000 JavaThread "http-nio-8080-exec-1" daemon [_thread_blocked, id=11208, stack(0x0000008d02500000,0x0000008d02600000)]
  0x000001dd4ae63800 JavaThread "NioBlockingSelector.BlockPoller-1" daemon [_thread_in_native, id=8780, stack(0x0000008d02400000,0x0000008d02500000)]
  0x000001dd4aeb0800 JavaThread "pool-1-thread-1" [_thread_blocked, id=9276, stack(0x0000008d02300000,0x0000008d02400000)]
  0x000001dd4ad6f000 JavaThread "container-0" [_thread_blocked, id=3028, stack(0x0000008d02200000,0x0000008d02300000)]
  0x000001dd4ad5b800 JavaThread "ContainerBackgroundProcessor[StandardEngine[Tomcat]]" daemon [_thread_blocked, id=16508, stack(0x0000008d02100000,0x0000008d02200000)]
  0x000001dd498c1000 JavaThread "RMI TCP Accept-0" daemon [_thread_in_native, id=8020, stack(0x0000008d01b00000,0x0000008d01c00000)]
  0x000001dd49768000 JavaThread "RMI TCP Accept-65044" daemon [_thread_in_native, id=12272, stack(0x0000008d01a00000,0x0000008d01b00000)]
  0x000001dd49896000 JavaThread "RMI TCP Accept-0" daemon [_thread_in_native, id=4464, stack(0x0000008d01900000,0x0000008d01a00000)]
  0x000001dd48c37000 JavaThread "Service Thread" daemon [_thread_blocked, id=2116, stack(0x0000008d01800000,0x0000008d01900000)]
  0x000001dd48c2c800 JavaThread "JDWP Command Reader" daemon [_thread_in_native, id=20436, stack(0x0000008d01700000,0x0000008d01800000)]
  0x000001dd48c21800 JavaThread "JDWP Event Helper Thread" daemon [_thread_blocked, id=9844, stack(0x0000008d01600000,0x0000008d01700000)]
=>0x000001dd48c20800 JavaThread "JDWP Transport Listener: dt_socket" daemon [_thread_in_vm, id=18524, stack(0x0000008d01500000,0x0000008d01600000)]
  0x000001dd48a6f000 JavaThread "Common-Cleaner" daemon [_thread_blocked, id=3132, stack(0x0000008d01400000,0x0000008d01500000)]
  0x000001dd489f5000 JavaThread "Sweeper thread" daemon [_thread_blocked, id=7632, stack(0x0000008d01300000,0x0000008d01400000)]
  0x000001dd489eb800 JavaThread "C1 CompilerThread3" daemon [_thread_blocked, id=6248, stack(0x0000008d01200000,0x0000008d01300000)]
  0x000001dd489ea000 JavaThread "C1 CompilerThread2" daemon [_thread_blocked, id=19656, stack(0x0000008d01100000,0x0000008d01200000)]
  0x000001dd489e9000 JavaThread "C1 CompilerThread1" daemon [_thread_blocked, id=14748, stack(0x0000008d01000000,0x0000008d01100000)]
  0x000001dd489e8800 JavaThread "C1 CompilerThread0" daemon [_thread_blocked, id=20356, stack(0x0000008d00f00000,0x0000008d01000000)]
  0x000001dd48992000 JavaThread "Attach Listener" daemon [_thread_blocked, id=12608, stack(0x0000008d00e00000,0x0000008d00f00000)]
  0x000001dd48991800 JavaThread "Signal Dispatcher" daemon [_thread_blocked, id=236, stack(0x0000008d00d00000,0x0000008d00e00000)]
  0x000001dd4898c000 JavaThread "Finalizer" daemon [_thread_blocked, id=8148, stack(0x0000008d00c00000,0x0000008d00d00000)]
  0x000001dd48997000 JavaThread "Reference Handler" daemon [_thread_blocked, id=19136, stack(0x0000008d00b00000,0x0000008d00c00000)]

Other Threads:
  0x000001dd48982000 VMThread "VM Thread" [stack: 0x0000008d00a00000,0x0000008d00b00000] [id=13248]
  0x000001dd498c1800 WatcherThread [stack: 0x0000008d01c00000,0x0000008d01d00000] [id=4472]
  0x000001dd1fb1f000 GCTaskThread "GC Thread#0" [stack: 0x0000008d7f600000,0x0000008d7f700000] [id=10756]
  0x000001dd1fb20800 GCTaskThread "GC Thread#1" [stack: 0x0000008d7f700000,0x0000008d7f800000] [id=18600]
  0x000001dd1fb23800 GCTaskThread "GC Thread#2" [stack: 0x0000008d7f800000,0x0000008d7f900000] [id=16900]
  0x000001dd1fb2a800 GCTaskThread "GC Thread#3" [stack: 0x0000008d7f900000,0x0000008d7fa00000] [id=18108]
  0x000001dd1fb2d800 GCTaskThread "GC Thread#4" [stack: 0x0000008d7fa00000,0x0000008d7fb00000] [id=12944]
  0x000001dd1fb34800 GCTaskThread "GC Thread#5" [stack: 0x0000008d7fb00000,0x0000008d7fc00000] [id=16360]
  0x000001dd1fb36000 GCTaskThread "GC Thread#6" [stack: 0x0000008d7fc00000,0x0000008d7fd00000] [id=16168]
  0x000001dd1fb37800 GCTaskThread "GC Thread#7" [stack: 0x0000008d7fd00000,0x0000008d7fe00000] [id=16500]
  0x000001dd1fba6800 ConcurrentGCThread "G1 Main Marker" [stack: 0x0000008d00700000,0x0000008d00800000] [id=10500]
  0x000001dd1fbaf800 ConcurrentGCThread "G1 Marker#0" [stack: 0x0000008d00800000,0x0000008d00900000] [id=16664]
  0x000001dd1fbb7000 ConcurrentGCThread "G1 Marker#1" [stack: 0x0000008d00900000,0x0000008d00a00000] [id=2152]
  0x000001dd1fb44000 ConcurrentGCThread "G1 Refine#0" [stack: 0x0000008d00500000,0x0000008d00600000] [id=20256]
  0x000001dd1fb47000 ConcurrentGCThread "G1 Refine#1" [stack: 0x0000008d00400000,0x0000008d00500000] [id=19592]
  0x000001dd1fb46000 ConcurrentGCThread "G1 Refine#2" [stack: 0x0000008d00300000,0x0000008d00400000] [id=12200]
  0x000001dd1fb4a000 ConcurrentGCThread "G1 Refine#3" [stack: 0x0000008d00200000,0x0000008d00300000] [id=15912]
  0x000001dd1fb45800 ConcurrentGCThread "G1 Refine#4" [stack: 0x0000008d00100000,0x0000008d00200000] [id=19332]
  0x000001dd1fb41000 ConcurrentGCThread "G1 Refine#5" [stack: 0x0000008d00000000,0x0000008d00100000] [id=15620]
  0x000001dd1fb3c800 ConcurrentGCThread "G1 Refine#6" [stack: 0x0000008d7ff00000,0x0000008d80000000] [id=12112]
  0x000001dd1fb3a800 ConcurrentGCThread "G1 Refine#7" [stack: 0x0000008d7fe00000,0x0000008d7ff00000] [id=12136]
  0x000001dd1fb5e800 ConcurrentGCThread "G1 Young RemSet Sampling" [stack: 0x0000008d00600000,0x0000008d00700000] [id=13512]

Threads with active compile tasks:

VM state:not at safepoint (normal execution)

VM Mutex/Monitor currently owned by a thread: None

Heap address: 0x00000006c1a00000, size: 4070 MB, Compressed Oops mode: Zero based, Oop shift amount: 3
Narrow klass base: 0x0000000000000000, Narrow klass shift: 3
Compressed class space size: 1073741824 Address: 0x00000007c0000000

Heap:
 garbage-first heap   total 315392K, used 36276K [0x00000006c1a00000, 0x00000006c1b009a0, 0x00000007c0000000)
  region size 1024K, 19 young (19456K), 3 survivors (3072K)
 Metaspace       used 36051K, capacity 37592K, committed 37936K, reserved 1083392K
  class space    used 4452K, capacity 4788K, committed 4912K, reserved 1048576K
Heap Regions: E=young(eden), S=young(survivor), O=old, HS=humongous(starts), HC=humongous(continues), CS=collection set, F=free, A=archive, TS=gc time stamp, AC=allocation context, TAMS=top-at-mark-start (previous, next)
|   0|0x00000006c1a00000, 0x00000006c1b00000, 0x00000006c1b00000|100%| O|  |TS  0|AC  0|TAMS 0x00000006c1b00000, 0x00000006c1b00000|
|   1|0x00000006c1b00000, 0x00000006c1c00000, 0x00000006c1c00000|100%| O|  |TS  0|AC  0|TAMS 0x00000006c1c00000, 0x00000006c1c00000|
|   2|0x00000006c1c00000, 0x00000006c1d00000, 0x00000006c1d00000|100%| O|  |TS  0|AC  0|TAMS 0x00000006c1d00000, 0x00000006c1d00000|
|   3|0x00000006c1d00000, 0x00000006c1e00000, 0x00000006c1e00000|100%| O|  |TS  0|AC  0|TAMS 0x00000006c1e00000, 0x00000006c1e00000|
|   4|0x00000006c1e00000, 0x00000006c1f00000, 0x00000006c1f00000|100%| O|  |TS  0|AC  0|TAMS 0x00000006c1f00000, 0x00000006c1f00000|
|   5|0x00000006c1f00000, 0x00000006c2000000, 0x00000006c2000000|100%| O|  |TS  0|AC  0|TAMS 0x00000006c2000000, 0x00000006c2000000|
|   6|0x00000006c2000000, 0x00000006c2100000, 0x00000006c2100000|100%| O|  |TS  0|AC  0|TAMS 0x00000006c2100000, 0x00000006c2100000|
|   7|0x00000006c2100000, 0x00000006c2200000, 0x00000006c2200000|100%| O|  |TS  0|AC  0|TAMS 0x00000006c2200000, 0x00000006c2200000|
|   8|0x00000006c2200000, 0x00000006c2300000, 0x00000006c2300000|100%| O|  |TS  0|AC  0|TAMS 0x00000006c2300000, 0x00000006c2300000|
|   9|0x00000006c2300000, 0x00000006c2400000, 0x00000006c2400000|100%| O|  |TS  0|AC  0|TAMS 0x00000006c2400000, 0x00000006c2400000|
|  10|0x00000006c2400000, 0x00000006c2500000, 0x00000006c2500000|100%| O|  |TS  0|AC  0|TAMS 0x00000006c2500000, 0x00000006c2500000|
|  11|0x00000006c2500000, 0x00000006c2600000, 0x00000006c2600000|100%| O|  |TS  0|AC  0|TAMS 0x00000006c2600000, 0x00000006c2600000|
|  12|0x00000006c2600000, 0x00000006c2700000, 0x00000006c2700000|100%| O|  |TS  0|AC  0|TAMS 0x00000006c2700000, 0x00000006c2700000|
|  13|0x00000006c2700000, 0x00000006c2800000, 0x00000006c2800000|100%| O|  |TS  0|AC  0|TAMS 0x00000006c2800000, 0x00000006c2800000|
|  14|0x00000006c2800000, 0x00000006c2900000, 0x00000006c2900000|100%| O|  |TS  0|AC  0|TAMS 0x00000006c2900000, 0x00000006c2900000|
|  15|0x00000006c2900000, 0x00000006c2a00000, 0x00000006c2a00000|100%| O|  |TS  0|AC  0|TAMS 0x00000006c2a00000, 0x00000006c2a00000|
|  16|0x00000006c2a00000, 0x00000006c2b00000, 0x00000006c2b00000|100%| O|  |TS  0|AC  0|TAMS 0x00000006c2b00000, 0x00000006c2b00000|
|  17|0x00000006c2b00000, 0x00000006c2b6d200, 0x00000006c2c00000| 42%| O|  |TS  0|AC  0|TAMS 0x00000006c2b6d200, 0x00000006c2b6d200|
|  18|0x00000006c2c00000, 0x00000006c2c00000, 0x00000006c2d00000|  0%| F|  |TS  0|AC  0|TAMS 0x00000006c2c00000, 0x00000006c2c00000|
|  19|0x00000006c2d00000, 0x00000006c2d00000, 0x00000006c2e00000|  0%| F|  |TS  0|AC  0|TAMS 0x00000006c2d00000, 0x00000006c2d00000|
|  20|0x00000006c2e00000, 0x00000006c2e00000, 0x00000006c2f00000|  0%| F|  |TS  0|AC  0|TAMS 0x00000006c2e00000, 0x00000006c2e00000|
|  21|0x00000006c2f00000, 0x00000006c2f00000, 0x00000006c3000000|  0%| F|  |TS  0|AC  0|TAMS 0x00000006c2f00000, 0x00000006c2f00000|
|  22|0x00000006c3000000, 0x00000006c3000000, 0x00000006c3100000|  0%| F|  |TS  0|AC  0|TAMS 0x00000006c3000000, 0x00000006c3000000|
|  23|0x00000006c3100000, 0x00000006c3100000, 0x00000006c3200000|  0%| F|  |TS  0|AC  0|TAMS 0x00000006c3100000, 0x00000006c3100000|
|  24|0x00000006c3200000, 0x00000006c3200000, 0x00000006c3300000|  0%| F|  |TS  0|AC  0|TAMS 0x00000006c3200000, 0x00000006c3200000|
|  25|0x00000006c3300000, 0x00000006c3300000, 0x00000006c3400000|  0%| F|  |TS  0|AC  0|TAMS 0x00000006c3300000, 0x00000006c3300000|
|  26|0x00000006c3400000, 0x00000006c3400000, 0x00000006c3500000|  0%| F|  |TS  0|AC  0|TAMS 0x00000006c3400000, 0x00000006c3400000|
|  27|0x00000006c3500000, 0x00000006c3500000, 0x00000006c3600000|  0%| F|  |TS  0|AC  0|TAMS 0x00000006c3500000, 0x00000006c3500000|
|  28|0x00000006c3600000, 0x00000006c3600000, 0x00000006c3700000|  0%| F|  |TS  0|AC  0|TAMS 0x00000006c3600000, 0x00000006c3600000|
|  29|0x00000006c3700000, 0x00000006c3700000, 0x00000006c3800000|  0%| F|  |TS  0|AC  0|TAMS 0x00000006c3700000, 0x00000006c3700000|
|  30|0x00000006c3800000, 0x00000006c3800000, 0x00000006c3900000|  0%| F|  |TS  0|AC  0|TAMS 0x00000006c3800000, 0x00000006c3800000|
|  31|0x00000006c3900000, 0x00000006c3900000, 0x00000006c3a00000|  0%| F|  |TS  0|AC  0|TAMS 0x00000006c3900000, 0x00000006c3900000|
|  32|0x00000006c3a00000, 0x00000006c3a00000, 0x00000006c3b00000|  0%| F|  |TS  0|AC  0|TAMS 0x00000006c3a00000, 0x00000006c3a00000|
|  33|0x00000006c3b00000, 0x00000006c3b00000, 0x00000006c3c00000|  0%| F|  |TS  0|AC  0|TAMS 0x00000006c3b00000, 0x00000006c3b00000|
|  34|0x00000006c3c00000, 0x00000006c3c00000, 0x00000006c3d00000|  0%| F|  |TS  0|AC  0|TAMS 0x00000006c3c00000, 0x00000006c3c00000|
|  35|0x00000006c3d00000, 0x00000006c3d00000, 0x00000006c3e00000|  0%| F|  |TS  0|AC  0|TAMS 0x00000006c3d00000, 0x00000006c3d00000|
|  36|0x00000006c3e00000, 0x00000006c3e00000, 0x00000006c3f00000|  0%| F|  |TS  0|AC  0|TAMS 0x00000006c3e00000, 0x00000006c3e00000|
|  37|0x00000006c3f00000, 0x00000006c3f00000, 0x00000006c4000000|  0%| F|  |TS  0|AC  0|TAMS 0x00000006c3f00000, 0x00000006c3f00000|
|  38|0x00000006c4000000, 0x00000006c4000000, 0x00000006c4100000|  0%| F|  |TS  0|AC  0|TAMS 0x00000006c4000000, 0x00000006c4000000|
|  39|0x00000006c4100000, 0x00000006c4100000, 0x00000006c4200000|  0%| F|  |TS  0|AC  0|TAMS 0x00000006c4100000, 0x00000006c4100000|
|  40|0x00000006c4200000, 0x00000006c4200000, 0x00000006c4300000|  0%| F|  |TS  0|AC  0|TAMS 0x00000006c4200000, 0x00000006c4200000|
|  41|0x00000006c4300000, 0x00000006c4300000, 0x00000006c4400000|  0%| F|  |TS  0|AC  0|TAMS 0x00000006c4300000, 0x00000006c4300000|
|  42|0x00000006c4400000, 0x00000006c4400000, 0x00000006c4500000|  0%| F|  |TS  0|AC  0|TAMS 0x00000006c4400000, 0x00000006c4400000|
|  43|0x00000006c4500000, 0x00000006c4500000, 0x00000006c4600000|  0%| F|  |TS  0|AC  0|TAMS 0x00000006c4500000, 0x00000006c4500000|
|  44|0x00000006c4600000, 0x00000006c4600000, 0x00000006c4700000|  0%| F|  |TS  0|AC  0|TAMS 0x00000006c4600000, 0x00000006c4600000|
|  45|0x00000006c4700000, 0x00000006c4700000, 0x00000006c4800000|  0%| F|  |TS  0|AC  0|TAMS 0x00000006c4700000, 0x00000006c4700000|
|  46|0x00000006c4800000, 0x00000006c4800000, 0x00000006c4900000|  0%| F|  |TS  0|AC  0|TAMS 0x00000006c4800000, 0x00000006c4800000|
|  47|0x00000006c4900000, 0x00000006c4900000, 0x00000006c4a00000|  0%| F|  |TS  0|AC  0|TAMS 0x00000006c4900000, 0x00000006c4900000|
|  48|0x00000006c4a00000, 0x00000006c4a00000, 0x00000006c4b00000|  0%| F|  |TS  0|AC  0|TAMS 0x00000006c4a00000, 0x00000006c4a00000|
|  49|0x00000006c4b00000, 0x00000006c4b00000, 0x00000006c4c00000|  0%| F|  |TS  0|AC  0|TAMS 0x00000006c4b00000, 0x00000006c4b00000|
|  50|0x00000006c4c00000, 0x00000006c4c00000, 0x00000006c4d00000|  0%| F|  |TS  0|AC  0|TAMS 0x00000006c4c00000, 0x00000006c4c00000|
|  51|0x00000006c4d00000, 0x00000006c4d00000, 0x00000006c4e00000|  0%| F|  |TS  0|AC  0|TAMS 0x00000006c4d00000, 0x00000006c4d00000|
|  52|0x00000006c4e00000, 0x00000006c4e00000, 0x00000006c4f00000|  0%| F|  |TS  0|AC  0|TAMS 0x00000006c4e00000, 0x00000006c4e00000|
|  53|0x00000006c4f00000, 0x00000006c4f00000, 0x00000006c5000000|  0%| F|  |TS  0|AC  0|TAMS 0x00000006c4f00000, 0x00000006c4f00000|
|  54|0x00000006c5000000, 0x00000006c5000000, 0x00000006c5100000|  0%| F|  |TS  0|AC  0|TAMS 0x00000006c5000000, 0x00000006c5000000|
|  55|0x00000006c5100000, 0x00000006c5100000, 0x00000006c5200000|  0%| F|  |TS  0|AC  0|TAMS 0x00000006c5100000, 0x00000006c5100000|
|  56|0x00000006c5200000, 0x00000006c5200000, 0x00000006c5300000|  0%| F|  |TS  0|AC  0|TAMS 0x00000006c5200000, 0x00000006c5200000|
|  57|0x00000006c5300000, 0x00000006c5300000, 0x00000006c5400000|  0%| F|  |TS  0|AC  0|TAMS 0x00000006c5300000, 0x00000006c5300000|
|  58|0x00000006c5400000, 0x00000006c5400000, 0x00000006c5500000|  0%| F|  |TS  0|AC  0|TAMS 0x00000006c5400000, 0x00000006c5400000|
|  59|0x00000006c5500000, 0x00000006c5500000, 0x00000006c5600000|  0%| F|  |TS  0|AC  0|TAMS 0x00000006c5500000, 0x00000006c5500000|
|  60|0x00000006c5600000, 0x00000006c5600000, 0x00000006c5700000|  0%| F|  |TS  0|AC  0|TAMS 0x00000006c5600000, 0x00000006c5600000|
|  61|0x00000006c5700000, 0x00000006c5700000, 0x00000006c5800000|  0%| F|  |TS  0|AC  0|TAMS 0x00000006c5700000, 0x00000006c5700000|
|  62|0x00000006c5800000, 0x00000006c5800000, 0x00000006c5900000|  0%| F|  |TS  0|AC  0|TAMS 0x00000006c5800000, 0x00000006c5800000|
|  63|0x00000006c5900000, 0x00000006c5900000, 0x00000006c5a00000|  0%| F|  |TS  0|AC  0|TAMS 0x00000006c5900000, 0x00000006c5900000|
|  64|0x00000006c5a00000, 0x00000006c5a00000, 0x00000006c5b00000|  0%| F|  |TS  0|AC  0|TAMS 0x00000006c5a00000, 0x00000006c5a00000|
|  65|0x00000006c5b00000, 0x00000006c5b00000, 0x00000006c5c00000|  0%| F|  |TS  0|AC  0|TAMS 0x00000006c5b00000, 0x00000006c5b00000|
|  66|0x00000006c5c00000, 0x00000006c5c00000, 0x00000006c5d00000|  0%| F|  |TS  0|AC  0|TAMS 0x00000006c5c00000, 0x00000006c5c00000|
|  67|0x00000006c5d00000, 0x00000006c5d00000, 0x00000006c5e00000|  0%| F|  |TS  0|AC  0|TAMS 0x00000006c5d00000, 0x00000006c5d00000|
|  68|0x00000006c5e00000, 0x00000006c5e00000, 0x00000006c5f00000|  0%| F|  |TS  0|AC  0|TAMS 0x00000006c5e00000, 0x00000006c5e00000|
|  69|0x00000006c5f00000, 0x00000006c5f00000, 0x00000006c6000000|  0%| F|  |TS  0|AC  0|TAMS 0x00000006c5f00000, 0x00000006c5f00000|
|  70|0x00000006c6000000, 0x00000006c6000000, 0x00000006c6100000|  0%| F|  |TS  0|AC  0|TAMS 0x00000006c6000000, 0x00000006c6000000|
|  71|0x00000006c6100000, 0x00000006c6100000, 0x00000006c6200000|  0%| F|  |TS  0|AC  0|TAMS 0x00000006c6100000, 0x00000006c6100000|
|  72|0x00000006c6200000, 0x00000006c6200000, 0x00000006c6300000|  0%| F|  |TS  0|AC  0|TAMS 0x00000006c6200000, 0x00000006c6200000|
|  73|0x00000006c6300000, 0x00000006c6300000, 0x00000006c6400000|  0%| F|  |TS  0|AC  0|TAMS 0x00000006c6300000, 0x00000006c6300000|
|  74|0x00000006c6400000, 0x00000006c6400000, 0x00000006c6500000|  0%| F|  |TS  0|AC  0|TAMS 0x00000006c6400000, 0x00000006c6400000|
|  75|0x00000006c6500000, 0x00000006c6500000, 0x00000006c6600000|  0%| F|  |TS  0|AC  0|TAMS 0x00000006c6500000, 0x00000006c6500000|
|  76|0x00000006c6600000, 0x00000006c6600000, 0x00000006c6700000|  0%| F|  |TS  0|AC  0|TAMS 0x00000006c6600000, 0x00000006c6600000|
|  77|0x00000006c6700000, 0x00000006c6700000, 0x00000006c6800000|  0%| F|  |TS  0|AC  0|TAMS 0x00000006c6700000, 0x00000006c6700000|
|  78|0x00000006c6800000, 0x00000006c6800000, 0x00000006c6900000|  0%| F|  |TS  0|AC  0|TAMS 0x00000006c6800000, 0x00000006c6800000|
|  79|0x00000006c6900000, 0x00000006c6900000, 0x00000006c6a00000|  0%| F|  |TS  0|AC  0|TAMS 0x00000006c6900000, 0x00000006c6900000|
|  80|0x00000006c6a00000, 0x00000006c6a00000, 0x00000006c6b00000|  0%| F|  |TS  0|AC  0|TAMS 0x00000006c6a00000, 0x00000006c6a00000|
|  81|0x00000006c6b00000, 0x00000006c6b00000, 0x00000006c6c00000|  0%| F|  |TS  0|AC  0|TAMS 0x00000006c6b00000, 0x00000006c6b00000|
|  82|0x00000006c6c00000, 0x00000006c6c00000, 0x00000006c6d00000|  0%| F|  |TS  0|AC  0|TAMS 0x00000006c6c00000, 0x00000006c6c00000|
|  83|0x00000006c6d00000, 0x00000006c6d00000, 0x00000006c6e00000|  0%| F|  |TS  0|AC  0|TAMS 0x00000006c6d00000, 0x00000006c6d00000|
|  84|0x00000006c6e00000, 0x00000006c6e00000, 0x00000006c6f00000|  0%| F|  |TS  0|AC  0|TAMS 0x00000006c6e00000, 0x00000006c6e00000|
|  85|0x00000006c6f00000, 0x00000006c6f00000, 0x00000006c7000000|  0%| F|  |TS  0|AC  0|TAMS 0x00000006c6f00000, 0x00000006c6f00000|
|  86|0x00000006c7000000, 0x00000006c7000000, 0x00000006c7100000|  0%| F|  |TS  0|AC  0|TAMS 0x00000006c7000000, 0x00000006c7000000|
|  87|0x00000006c7100000, 0x00000006c7100000, 0x00000006c7200000|  0%| F|  |TS  0|AC  0|TAMS 0x00000006c7100000, 0x00000006c7100000|
|  88|0x00000006c7200000, 0x00000006c7200000, 0x00000006c7300000|  0%| F|  |TS  0|AC  0|TAMS 0x00000006c7200000, 0x00000006c7200000|
|  89|0x00000006c7300000, 0x00000006c7300000, 0x00000006c7400000|  0%| F|  |TS  0|AC  0|TAMS 0x00000006c7300000, 0x00000006c7300000|
|  90|0x00000006c7400000, 0x00000006c7400000, 0x00000006c7500000|  0%| F|  |TS  0|AC  0|TAMS 0x00000006c7400000, 0x00000006c7400000|
|  91|0x00000006c7500000, 0x00000006c7500000, 0x00000006c7600000|  0%| F|  |TS  0|AC  0|TAMS 0x00000006c7500000, 0x00000006c7500000|
|  92|0x00000006c7600000, 0x00000006c7600000, 0x00000006c7700000|  0%| F|  |TS  0|AC  0|TAMS 0x00000006c7600000, 0x00000006c7600000|
|  93|0x00000006c7700000, 0x00000006c7700000, 0x00000006c7800000|  0%| F|  |TS  0|AC  0|TAMS 0x00000006c7700000, 0x00000006c7700000|
|  94|0x00000006c7800000, 0x00000006c7800000, 0x00000006c7900000|  0%| F|  |TS  0|AC  0|TAMS 0x00000006c7800000, 0x00000006c7800000|
|  95|0x00000006c7900000, 0x00000006c7900000, 0x00000006c7a00000|  0%| F|  |TS  0|AC  0|TAMS 0x00000006c7900000, 0x00000006c7900000|
|  96|0x00000006c7a00000, 0x00000006c7a00000, 0x00000006c7b00000|  0%| F|  |TS  0|AC  0|TAMS 0x00000006c7a00000, 0x00000006c7a00000|
|  97|0x00000006c7b00000, 0x00000006c7b00000, 0x00000006c7c00000|  0%| F|  |TS  0|AC  0|TAMS 0x00000006c7b00000, 0x00000006c7b00000|
|  98|0x00000006c7c00000, 0x00000006c7c00000, 0x00000006c7d00000|  0%| F|  |TS  0|AC  0|TAMS 0x00000006c7c00000, 0x00000006c7c00000|
|  99|0x00000006c7d00000, 0x00000006c7d00000, 0x00000006c7e00000|  0%| F|  |TS  0|AC  0|TAMS 0x00000006c7d00000, 0x00000006c7d00000|
| 100|0x00000006c7e00000, 0x00000006c7e00000, 0x00000006c7f00000|  0%| F|  |TS  0|AC  0|TAMS 0x00000006c7e00000, 0x00000006c7e00000|
| 101|0x00000006c7f00000, 0x00000006c7f00000, 0x00000006c8000000|  0%| F|  |TS  0|AC  0|TAMS 0x00000006c7f00000, 0x00000006c7f00000|
| 102|0x00000006c8000000, 0x00000006c8000000, 0x00000006c8100000|  0%| F|  |TS  0|AC  0|TAMS 0x00000006c8000000, 0x00000006c8000000|
| 103|0x00000006c8100000, 0x00000006c8100000, 0x00000006c8200000|  0%| F|  |TS  0|AC  0|TAMS 0x00000006c8100000, 0x00000006c8100000|
| 104|0x00000006c8200000, 0x00000006c8200000, 0x00000006c8300000|  0%| F|  |TS  0|AC  0|TAMS 0x00000006c8200000, 0x00000006c8200000|
| 105|0x00000006c8300000, 0x00000006c8300000, 0x00000006c8400000|  0%| F|  |TS  0|AC  0|TAMS 0x00000006c8300000, 0x00000006c8300000|
| 106|0x00000006c8400000, 0x00000006c8400000, 0x00000006c8500000|  0%| F|  |TS  0|AC  0|TAMS 0x00000006c8400000, 0x00000006c8400000|
| 107|0x00000006c8500000, 0x00000006c8500000, 0x00000006c8600000|  0%| F|  |TS  0|AC  0|TAMS 0x00000006c8500000, 0x00000006c8500000|
| 108|0x00000006c8600000, 0x00000006c8600000, 0x00000006c8700000|  0%| F|  |TS  0|AC  0|TAMS 0x00000006c8600000, 0x00000006c8600000|
| 109|0x00000006c8700000, 0x00000006c8700000, 0x00000006c8800000|  0%| F|  |TS  0|AC  0|TAMS 0x00000006c8700000, 0x00000006c8700000|
| 110|0x00000006c8800000, 0x00000006c8800000, 0x00000006c8900000|  0%| F|  |TS  0|AC  0|TAMS 0x00000006c8800000, 0x00000006c8800000|
| 111|0x00000006c8900000, 0x00000006c8900000, 0x00000006c8a00000|  0%| F|  |TS  0|AC  0|TAMS 0x00000006c8900000, 0x00000006c8900000|
| 112|0x00000006c8a00000, 0x00000006c8a00000, 0x00000006c8b00000|  0%| F|  |TS  0|AC  0|TAMS 0x00000006c8a00000, 0x00000006c8a00000|
| 113|0x00000006c8b00000, 0x00000006c8b00000, 0x00000006c8c00000|  0%| F|  |TS  0|AC  0|TAMS 0x00000006c8b00000, 0x00000006c8b00000|
| 114|0x00000006c8c00000, 0x00000006c8c00000, 0x00000006c8d00000|  0%| F|  |TS  0|AC  0|TAMS 0x00000006c8c00000, 0x00000006c8c00000|
| 115|0x00000006c8d00000, 0x00000006c8d00000, 0x00000006c8e00000|  0%| F|  |TS  0|AC  0|TAMS 0x00000006c8d00000, 0x00000006c8d00000|
| 116|0x00000006c8e00000, 0x00000006c8e00000, 0x00000006c8f00000|  0%| F|  |TS  0|AC  0|TAMS 0x00000006c8e00000, 0x00000006c8e00000|
| 117|0x00000006c8f00000, 0x00000006c8f00000, 0x00000006c9000000|  0%| F|  |TS  0|AC  0|TAMS 0x00000006c8f00000, 0x00000006c8f00000|
| 118|0x00000006c9000000, 0x00000006c9000000, 0x00000006c9100000|  0%| F|  |TS  0|AC  0|TAMS 0x00000006c9000000, 0x00000006c9000000|
| 119|0x00000006c9100000, 0x00000006c9100000, 0x00000006c9200000|  0%| F|  |TS  0|AC  0|TAMS 0x00000006c9100000, 0x00000006c9100000|
| 120|0x00000006c9200000, 0x00000006c9200000, 0x00000006c9300000|  0%| F|  |TS  0|AC  0|TAMS 0x00000006c9200000, 0x00000006c9200000|
| 121|0x00000006c9300000, 0x00000006c9300000, 0x00000006c9400000|  0%| F|  |TS  0|AC  0|TAMS 0x00000006c9300000, 0x00000006c9300000|
| 122|0x00000006c9400000, 0x00000006c9400000, 0x00000006c9500000|  0%| F|  |TS  0|AC  0|TAMS 0x00000006c9400000, 0x00000006c9400000|
| 123|0x00000006c9500000, 0x00000006c9500000, 0x00000006c9600000|  0%| F|  |TS  0|AC  0|TAMS 0x00000006c9500000, 0x00000006c9500000|
| 124|0x00000006c9600000, 0x00000006c9600000, 0x00000006c9700000|  0%| F|  |TS  0|AC  0|TAMS 0x00000006c9600000, 0x00000006c9600000|
| 125|0x00000006c9700000, 0x00000006c9700000, 0x00000006c9800000|  0%| F|  |TS  0|AC  0|TAMS 0x00000006c9700000, 0x00000006c9700000|
| 126|0x00000006c9800000, 0x00000006c9800000, 0x00000006c9900000|  0%| F|  |TS  0|AC  0|TAMS 0x00000006c9800000, 0x00000006c9800000|
| 127|0x00000006c9900000, 0x00000006c9900000, 0x00000006c9a00000|  0%| F|  |TS  0|AC  0|TAMS 0x00000006c9900000, 0x00000006c9900000|
| 128|0x00000006c9a00000, 0x00000006c9a00000, 0x00000006c9b00000|  0%| F|  |TS  0|AC  0|TAMS 0x00000006c9a00000, 0x00000006c9a00000|
| 129|0x00000006c9b00000, 0x00000006c9b00000, 0x00000006c9c00000|  0%| F|  |TS  0|AC  0|TAMS 0x00000006c9b00000, 0x00000006c9b00000|
| 130|0x00000006c9c00000, 0x00000006c9c00000, 0x00000006c9d00000|  0%| F|  |TS  0|AC  0|TAMS 0x00000006c9c00000, 0x00000006c9c00000|
| 131|0x00000006c9d00000, 0x00000006c9d00000, 0x00000006c9e00000|  0%| F|  |TS  0|AC  0|TAMS 0x00000006c9d00000, 0x00000006c9d00000|
| 132|0x00000006c9e00000, 0x00000006c9e00000, 0x00000006c9f00000|  0%| F|  |TS  0|AC  0|TAMS 0x00000006c9e00000, 0x00000006c9e00000|
| 133|0x00000006c9f00000, 0x00000006c9f00000, 0x00000006ca000000|  0%| F|  |TS  0|AC  0|TAMS 0x00000006c9f00000, 0x00000006c9f00000|
| 134|0x00000006ca000000, 0x00000006ca000000, 0x00000006ca100000|  0%| F|  |TS  0|AC  0|TAMS 0x00000006ca000000, 0x00000006ca000000|
| 135|0x00000006ca100000, 0x00000006ca100000, 0x00000006ca200000|  0%| F|  |TS  0|AC  0|TAMS 0x00000006ca100000, 0x00000006ca100000|
| 136|0x00000006ca200000, 0x00000006ca200000, 0x00000006ca300000|  0%| F|  |TS  0|AC  0|TAMS 0x00000006ca200000, 0x00000006ca200000|
| 137|0x00000006ca300000, 0x00000006ca300000, 0x00000006ca400000|  0%| F|  |TS  0|AC  0|TAMS 0x00000006ca300000, 0x00000006ca300000|
| 138|0x00000006ca400000, 0x00000006ca400000, 0x00000006ca500000|  0%| F|  |TS  0|AC  0|TAMS 0x00000006ca400000, 0x00000006ca400000|
| 139|0x00000006ca500000, 0x00000006ca500000, 0x00000006ca600000|  0%| F|  |TS  0|AC  0|TAMS 0x00000006ca500000, 0x00000006ca500000|
| 140|0x00000006ca600000, 0x00000006ca600000, 0x00000006ca700000|  0%| F|  |TS  0|AC  0|TAMS 0x00000006ca600000, 0x00000006ca600000|
| 141|0x00000006ca700000, 0x00000006ca700000, 0x00000006ca800000|  0%| F|  |TS  0|AC  0|TAMS 0x00000006ca700000, 0x00000006ca700000|
| 142|0x00000006ca800000, 0x00000006ca800000, 0x00000006ca900000|  0%| F|  |TS  0|AC  0|TAMS 0x00000006ca800000, 0x00000006ca800000|
| 143|0x00000006ca900000, 0x00000006ca900000, 0x00000006caa00000|  0%| F|  |TS  0|AC  0|TAMS 0x00000006ca900000, 0x00000006ca900000|
| 144|0x00000006caa00000, 0x00000006caa00000, 0x00000006cab00000|  0%| F|  |TS  0|AC  0|TAMS 0x00000006caa00000, 0x00000006caa00000|
| 145|0x00000006cab00000, 0x00000006cab00000, 0x00000006cac00000|  0%| F|  |TS  0|AC  0|TAMS 0x00000006cab00000, 0x00000006cab00000|
| 146|0x00000006cac00000, 0x00000006cac00000, 0x00000006cad00000|  0%| F|  |TS  0|AC  0|TAMS 0x00000006cac00000, 0x00000006cac00000|
| 147|0x00000006cad00000, 0x00000006cad00000, 0x00000006cae00000|  0%| F|  |TS  0|AC  0|TAMS 0x00000006cad00000, 0x00000006cad00000|
| 148|0x00000006cae00000, 0x00000006cae00000, 0x00000006caf00000|  0%| F|  |TS  0|AC  0|TAMS 0x00000006cae00000, 0x00000006cae00000|
| 149|0x00000006caf00000, 0x00000006caf00000, 0x00000006cb000000|  0%| F|  |TS  0|AC  0|TAMS 0x00000006caf00000, 0x00000006caf00000|
| 150|0x00000006cb000000, 0x00000006cb000000, 0x00000006cb100000|  0%| F|  |TS  0|AC  0|TAMS 0x00000006cb000000, 0x00000006cb000000|
| 151|0x00000006cb100000, 0x00000006cb100000, 0x00000006cb200000|  0%| F|  |TS  0|AC  0|TAMS 0x00000006cb100000, 0x00000006cb100000|
| 152|0x00000006cb200000, 0x00000006cb200000, 0x00000006cb300000|  0%| F|  |TS  0|AC  0|TAMS 0x00000006cb200000, 0x00000006cb200000|
| 153|0x00000006cb300000, 0x00000006cb300000, 0x00000006cb400000|  0%| F|  |TS  0|AC  0|TAMS 0x00000006cb300000, 0x00000006cb300000|
| 154|0x00000006cb400000, 0x00000006cb400000, 0x00000006cb500000|  0%| F|  |TS  0|AC  0|TAMS 0x00000006cb400000, 0x00000006cb400000|
| 155|0x00000006cb500000, 0x00000006cb500000, 0x00000006cb600000|  0%| F|  |TS  0|AC  0|TAMS 0x00000006cb500000, 0x00000006cb500000|
| 156|0x00000006cb600000, 0x00000006cb600000, 0x00000006cb700000|  0%| F|  |TS  0|AC  0|TAMS 0x00000006cb600000, 0x00000006cb600000|
| 157|0x00000006cb700000, 0x00000006cb700000, 0x00000006cb800000|  0%| F|  |TS  0|AC  0|TAMS 0x00000006cb700000, 0x00000006cb700000|
| 158|0x00000006cb800000, 0x00000006cb800000, 0x00000006cb900000|  0%| F|  |TS  0|AC  0|TAMS 0x00000006cb800000, 0x00000006cb800000|
| 159|0x00000006cb900000, 0x00000006cb900000, 0x00000006cba00000|  0%| F|  |TS  0|AC  0|TAMS 0x00000006cb900000, 0x00000006cb900000|
| 160|0x00000006cba00000, 0x00000006cba00000, 0x00000006cbb00000|  0%| F|  |TS  0|AC  0|TAMS 0x00000006cba00000, 0x00000006cba00000|
| 161|0x00000006cbb00000, 0x00000006cbb00000, 0x00000006cbc00000|  0%| F|  |TS  0|AC  0|TAMS 0x00000006cbb00000, 0x00000006cbb00000|
| 162|0x00000006cbc00000, 0x00000006cbc00000, 0x00000006cbd00000|  0%| F|  |TS  0|AC  0|TAMS 0x00000006cbc00000, 0x00000006cbc00000|
| 163|0x00000006cbd00000, 0x00000006cbd00000, 0x00000006cbe00000|  0%| F|  |TS  0|AC  0|TAMS 0x00000006cbd00000, 0x00000006cbd00000|
| 164|0x00000006cbe00000, 0x00000006cbe00000, 0x00000006cbf00000|  0%| F|  |TS  0|AC  0|TAMS 0x00000006cbe00000, 0x00000006cbe00000|
| 165|0x00000006cbf00000, 0x00000006cbf00000, 0x00000006cc000000|  0%| F|  |TS  0|AC  0|TAMS 0x00000006cbf00000, 0x00000006cbf00000|
| 166|0x00000006cc000000, 0x00000006cc000000, 0x00000006cc100000|  0%| F|  |TS  0|AC  0|TAMS 0x00000006cc000000, 0x00000006cc000000|
| 167|0x00000006cc100000, 0x00000006cc100000, 0x00000006cc200000|  0%| F|  |TS  0|AC  0|TAMS 0x00000006cc100000, 0x00000006cc100000|
| 168|0x00000006cc200000, 0x00000006cc200000, 0x00000006cc300000|  0%| F|  |TS  0|AC  0|TAMS 0x00000006cc200000, 0x00000006cc200000|
| 169|0x00000006cc300000, 0x00000006cc300000, 0x00000006cc400000|  0%| F|  |TS  0|AC  0|TAMS 0x00000006cc300000, 0x00000006cc300000|
| 170|0x00000006cc400000, 0x00000006cc400000, 0x00000006cc500000|  0%| F|  |TS  0|AC  0|TAMS 0x00000006cc400000, 0x00000006cc400000|
| 171|0x00000006cc500000, 0x00000006cc500000, 0x00000006cc600000|  0%| F|  |TS  0|AC  0|TAMS 0x00000006cc500000, 0x00000006cc500000|
| 172|0x00000006cc600000, 0x00000006cc600000, 0x00000006cc700000|  0%| F|  |TS  0|AC  0|TAMS 0x00000006cc600000, 0x00000006cc600000|
| 173|0x00000006cc700000, 0x00000006cc700000, 0x00000006cc800000|  0%| F|  |TS  0|AC  0|TAMS 0x00000006cc700000, 0x00000006cc700000|
| 174|0x00000006cc800000, 0x00000006cc800000, 0x00000006cc900000|  0%| F|  |TS  0|AC  0|TAMS 0x00000006cc800000, 0x00000006cc800000|
| 175|0x00000006cc900000, 0x00000006cc900000, 0x00000006cca00000|  0%| F|  |TS  0|AC  0|TAMS 0x00000006cc900000, 0x00000006cc900000|
| 176|0x00000006cca00000, 0x00000006cca00000, 0x00000006ccb00000|  0%| F|  |TS  0|AC  0|TAMS 0x00000006cca00000, 0x00000006cca00000|
| 177|0x00000006ccb00000, 0x00000006ccb00000, 0x00000006ccc00000|  0%| F|  |TS  0|AC  0|TAMS 0x00000006ccb00000, 0x00000006ccb00000|
| 178|0x00000006ccc00000, 0x00000006ccc00000, 0x00000006ccd00000|  0%| F|  |TS  0|AC  0|TAMS 0x00000006ccc00000, 0x00000006ccc00000|
| 179|0x00000006ccd00000, 0x00000006ccd00000, 0x00000006cce00000|  0%| F|  |TS  0|AC  0|TAMS 0x00000006ccd00000, 0x00000006ccd00000|
| 180|0x00000006cce00000, 0x00000006cce00000, 0x00000006ccf00000|  0%| F|  |TS  0|AC  0|TAMS 0x00000006cce00000, 0x00000006cce00000|
| 181|0x00000006ccf00000, 0x00000006ccf00000, 0x00000006cd000000|  0%| F|  |TS  0|AC  0|TAMS 0x00000006ccf00000, 0x00000006ccf00000|
| 182|0x00000006cd000000, 0x00000006cd000000, 0x00000006cd100000|  0%| F|  |TS  0|AC  0|TAMS 0x00000006cd000000, 0x00000006cd000000|
| 183|0x00000006cd100000, 0x00000006cd100000, 0x00000006cd200000|  0%| F|  |TS  0|AC  0|TAMS 0x00000006cd100000, 0x00000006cd100000|
| 184|0x00000006cd200000, 0x00000006cd200000, 0x00000006cd300000|  0%| F|  |TS  0|AC  0|TAMS 0x00000006cd200000, 0x00000006cd200000|
| 185|0x00000006cd300000, 0x00000006cd300000, 0x00000006cd400000|  0%| F|  |TS  0|AC  0|TAMS 0x00000006cd300000, 0x00000006cd300000|
| 186|0x00000006cd400000, 0x00000006cd400000, 0x00000006cd500000|  0%| F|  |TS  0|AC  0|TAMS 0x00000006cd400000, 0x00000006cd400000|
| 187|0x00000006cd500000, 0x00000006cd500000, 0x00000006cd600000|  0%| F|  |TS  0|AC  0|TAMS 0x00000006cd500000, 0x00000006cd500000|
| 188|0x00000006cd600000, 0x00000006cd600000, 0x00000006cd700000|  0%| F|  |TS  0|AC  0|TAMS 0x00000006cd600000, 0x00000006cd600000|
| 189|0x00000006cd700000, 0x00000006cd700000, 0x00000006cd800000|  0%| F|  |TS  0|AC  0|TAMS 0x00000006cd700000, 0x00000006cd700000|
| 190|0x00000006cd800000, 0x00000006cd800000, 0x00000006cd900000|  0%| F|  |TS  0|AC  0|TAMS 0x00000006cd800000, 0x00000006cd800000|
| 191|0x00000006cd900000, 0x00000006cd900000, 0x00000006cda00000|  0%| F|  |TS  0|AC  0|TAMS 0x00000006cd900000, 0x00000006cd900000|
| 192|0x00000006cda00000, 0x00000006cda00000, 0x00000006cdb00000|  0%| F|  |TS  0|AC  0|TAMS 0x00000006cda00000, 0x00000006cda00000|
| 193|0x00000006cdb00000, 0x00000006cdb00000, 0x00000006cdc00000|  0%| F|  |TS  0|AC  0|TAMS 0x00000006cdb00000, 0x00000006cdb00000|
| 194|0x00000006cdc00000, 0x00000006cdc00000, 0x00000006cdd00000|  0%| F|  |TS  0|AC  0|TAMS 0x00000006cdc00000, 0x00000006cdc00000|
| 195|0x00000006cdd00000, 0x00000006cdd00000, 0x00000006cde00000|  0%| F|  |TS  0|AC  0|TAMS 0x00000006cdd00000, 0x00000006cdd00000|
| 196|0x00000006cde00000, 0x00000006cde00000, 0x00000006cdf00000|  0%| F|  |TS  0|AC  0|TAMS 0x00000006cde00000, 0x00000006cde00000|
| 197|0x00000006cdf00000, 0x00000006cdf00000, 0x00000006ce000000|  0%| F|  |TS  0|AC  0|TAMS 0x00000006cdf00000, 0x00000006cdf00000|
| 198|0x00000006ce000000, 0x00000006ce000000, 0x00000006ce100000|  0%| F|  |TS  0|AC  0|TAMS 0x00000006ce000000, 0x00000006ce000000|
| 199|0x00000006ce100000, 0x00000006ce100000, 0x00000006ce200000|  0%| F|  |TS  0|AC  0|TAMS 0x00000006ce100000, 0x00000006ce100000|
| 200|0x00000006ce200000, 0x00000006ce200000, 0x00000006ce300000|  0%| F|  |TS  0|AC  0|TAMS 0x00000006ce200000, 0x00000006ce200000|
| 201|0x00000006ce300000, 0x00000006ce300000, 0x00000006ce400000|  0%| F|  |TS  0|AC  0|TAMS 0x00000006ce300000, 0x00000006ce300000|
| 202|0x00000006ce400000, 0x00000006ce400000, 0x00000006ce500000|  0%| F|  |TS  0|AC  0|TAMS 0x00000006ce400000, 0x00000006ce400000|
| 203|0x00000006ce500000, 0x00000006ce500000, 0x00000006ce600000|  0%| F|  |TS  0|AC  0|TAMS 0x00000006ce500000, 0x00000006ce500000|
| 204|0x00000006ce600000, 0x00000006ce600000, 0x00000006ce700000|  0%| F|  |TS  0|AC  0|TAMS 0x00000006ce600000, 0x00000006ce600000|
| 205|0x00000006ce700000, 0x00000006ce700000, 0x00000006ce800000|  0%| F|  |TS  0|AC  0|TAMS 0x00000006ce700000, 0x00000006ce700000|
| 206|0x00000006ce800000, 0x00000006ce800000, 0x00000006ce900000|  0%| F|  |TS  0|AC  0|TAMS 0x00000006ce800000, 0x00000006ce800000|
| 207|0x00000006ce900000, 0x00000006ce900000, 0x00000006cea00000|  0%| F|  |TS  0|AC  0|TAMS 0x00000006ce900000, 0x00000006ce900000|
| 208|0x00000006cea00000, 0x00000006cea00000, 0x00000006ceb00000|  0%| F|  |TS  0|AC  0|TAMS 0x00000006cea00000, 0x00000006cea00000|
| 209|0x00000006ceb00000, 0x00000006ceb00000, 0x00000006cec00000|  0%| F|  |TS  0|AC  0|TAMS 0x00000006ceb00000, 0x00000006ceb00000|
| 210|0x00000006cec00000, 0x00000006cec00000, 0x00000006ced00000|  0%| F|  |TS  0|AC  0|TAMS 0x00000006cec00000, 0x00000006cec00000|
| 211|0x00000006ced00000, 0x00000006ced00000, 0x00000006cee00000|  0%| F|  |TS  0|AC  0|TAMS 0x00000006ced00000, 0x00000006ced00000|
| 212|0x00000006cee00000, 0x00000006cee00000, 0x00000006cef00000|  0%| F|  |TS  0|AC  0|TAMS 0x00000006cee00000, 0x00000006cee00000|
| 213|0x00000006cef00000, 0x00000006cef00000, 0x00000006cf000000|  0%| F|  |TS  0|AC  0|TAMS 0x00000006cef00000, 0x00000006cef00000|
| 214|0x00000006cf000000, 0x00000006cf000000, 0x00000006cf100000|  0%| F|  |TS  0|AC  0|TAMS 0x00000006cf000000, 0x00000006cf000000|
| 215|0x00000006cf100000, 0x00000006cf100000, 0x00000006cf200000|  0%| F|  |TS  0|AC  0|TAMS 0x00000006cf100000, 0x00000006cf100000|
| 216|0x00000006cf200000, 0x00000006cf200000, 0x00000006cf300000|  0%| F|  |TS  0|AC  0|TAMS 0x00000006cf200000, 0x00000006cf200000|
| 217|0x00000006cf300000, 0x00000006cf300000, 0x00000006cf400000|  0%| F|  |TS  0|AC  0|TAMS 0x00000006cf300000, 0x00000006cf300000|
| 218|0x00000006cf400000, 0x00000006cf400000, 0x00000006cf500000|  0%| F|  |TS  0|AC  0|TAMS 0x00000006cf400000, 0x00000006cf400000|
| 219|0x00000006cf500000, 0x00000006cf500000, 0x00000006cf600000|  0%| F|  |TS  0|AC  0|TAMS 0x00000006cf500000, 0x00000006cf500000|
| 220|0x00000006cf600000, 0x00000006cf600000, 0x00000006cf700000|  0%| F|  |TS  0|AC  0|TAMS 0x00000006cf600000, 0x00000006cf600000|
| 221|0x00000006cf700000, 0x00000006cf700000, 0x00000006cf800000|  0%| F|  |TS  0|AC  0|TAMS 0x00000006cf700000, 0x00000006cf700000|
| 222|0x00000006cf800000, 0x00000006cf800000, 0x00000006cf900000|  0%| F|  |TS  0|AC  0|TAMS 0x00000006cf800000, 0x00000006cf800000|
| 223|0x00000006cf900000, 0x00000006cf900000, 0x00000006cfa00000|  0%| F|  |TS  0|AC  0|TAMS 0x00000006cf900000, 0x00000006cf900000|
| 224|0x00000006cfa00000, 0x00000006cfa00000, 0x00000006cfb00000|  0%| F|  |TS  0|AC  0|TAMS 0x00000006cfa00000, 0x00000006cfa00000|
| 225|0x00000006cfb00000, 0x00000006cfb00000, 0x00000006cfc00000|  0%| F|  |TS  0|AC  0|TAMS 0x00000006cfb00000, 0x00000006cfb00000|
| 226|0x00000006cfc00000, 0x00000006cfc00000, 0x00000006cfd00000|  0%| F|  |TS  0|AC  0|TAMS 0x00000006cfc00000, 0x00000006cfc00000|
| 227|0x00000006cfd00000, 0x00000006cfd00000, 0x00000006cfe00000|  0%| F|  |TS  0|AC  0|TAMS 0x00000006cfd00000, 0x00000006cfd00000|
| 228|0x00000006cfe00000, 0x00000006cfe00000, 0x00000006cff00000|  0%| F|  |TS  0|AC  0|TAMS 0x00000006cfe00000, 0x00000006cfe00000|
| 229|0x00000006cff00000, 0x00000006d0000000, 0x00000006d0000000|100%| S|CS|TS  0|AC  0|TAMS 0x00000006cff00000, 0x00000006cff00000|
| 230|0x00000006d0000000, 0x00000006d0100000, 0x00000006d0100000|100%| S|CS|TS  0|AC  0|TAMS 0x00000006d0000000, 0x00000006d0000000|
| 231|0x00000006d0100000, 0x00000006d0200000, 0x00000006d0200000|100%| S|CS|TS  0|AC  0|TAMS 0x00000006d0100000, 0x00000006d0100000|
| 232|0x00000006d0200000, 0x00000006d0200000, 0x00000006d0300000|  0%| F|  |TS  0|AC  0|TAMS 0x00000006d0200000, 0x00000006d0200000|
| 233|0x00000006d0300000, 0x00000006d0300000, 0x00000006d0400000|  0%| F|  |TS  0|AC  0|TAMS 0x00000006d0300000, 0x00000006d0300000|
| 234|0x00000006d0400000, 0x00000006d0400000, 0x00000006d0500000|  0%| F|  |TS  0|AC  0|TAMS 0x00000006d0400000, 0x00000006d0400000|
| 235|0x00000006d0500000, 0x00000006d0500000, 0x00000006d0600000|  0%| F|  |TS  0|AC  0|TAMS 0x00000006d0500000, 0x00000006d0500000|
| 236|0x00000006d0600000, 0x00000006d0600000, 0x00000006d0700000|  0%| F|  |TS  0|AC  0|TAMS 0x00000006d0600000, 0x00000006d0600000|
| 237|0x00000006d0700000, 0x00000006d0700000, 0x00000006d0800000|  0%| F|  |TS  0|AC  0|TAMS 0x00000006d0700000, 0x00000006d0700000|
| 238|0x00000006d0800000, 0x00000006d0800000, 0x00000006d0900000|  0%| F|  |TS  0|AC  0|TAMS 0x00000006d0800000, 0x00000006d0800000|
| 239|0x00000006d0900000, 0x00000006d0900000, 0x00000006d0a00000|  0%| F|  |TS  0|AC  0|TAMS 0x00000006d0900000, 0x00000006d0900000|
| 240|0x00000006d0a00000, 0x00000006d0a00000, 0x00000006d0b00000|  0%| F|  |TS  0|AC  0|TAMS 0x00000006d0a00000, 0x00000006d0a00000|
| 241|0x00000006d0b00000, 0x00000006d0b00000, 0x00000006d0c00000|  0%| F|  |TS  0|AC  0|TAMS 0x00000006d0b00000, 0x00000006d0b00000|
| 242|0x00000006d0c00000, 0x00000006d0c00000, 0x00000006d0d00000|  0%| F|  |TS  0|AC  0|TAMS 0x00000006d0c00000, 0x00000006d0c00000|
| 243|0x00000006d0d00000, 0x00000006d0d00000, 0x00000006d0e00000|  0%| F|  |TS  0|AC  0|TAMS 0x00000006d0d00000, 0x00000006d0d00000|
| 244|0x00000006d0e00000, 0x00000006d0e00000, 0x00000006d0f00000|  0%| F|  |TS  0|AC  0|TAMS 0x00000006d0e00000, 0x00000006d0e00000|
| 245|0x00000006d0f00000, 0x00000006d0f00000, 0x00000006d1000000|  0%| F|  |TS  0|AC  0|TAMS 0x00000006d0f00000, 0x00000006d0f00000|
| 246|0x00000006d1000000, 0x00000006d1000000, 0x00000006d1100000|  0%| F|  |TS  0|AC  0|TAMS 0x00000006d1000000, 0x00000006d1000000|
| 247|0x00000006d1100000, 0x00000006d1100000, 0x00000006d1200000|  0%| F|  |TS  0|AC  0|TAMS 0x00000006d1100000, 0x00000006d1100000|
| 248|0x00000006d1200000, 0x00000006d1200000, 0x00000006d1300000|  0%| F|  |TS  0|AC  0|TAMS 0x00000006d1200000, 0x00000006d1200000|
| 249|0x00000006d1300000, 0x00000006d1300000, 0x00000006d1400000|  0%| F|  |TS  0|AC  0|TAMS 0x00000006d1300000, 0x00000006d1300000|
| 250|0x00000006d1400000, 0x00000006d1400000, 0x00000006d1500000|  0%| F|  |TS  0|AC  0|TAMS 0x00000006d1400000, 0x00000006d1400000|
| 251|0x00000006d1500000, 0x00000006d1500000, 0x00000006d1600000|  0%| F|  |TS  0|AC  0|TAMS 0x00000006d1500000, 0x00000006d1500000|
| 252|0x00000006d1600000, 0x00000006d1600000, 0x00000006d1700000|  0%| F|  |TS  0|AC  0|TAMS 0x00000006d1600000, 0x00000006d1600000|
| 253|0x00000006d1700000, 0x00000006d1700000, 0x00000006d1800000|  0%| F|  |TS  0|AC  0|TAMS 0x00000006d1700000, 0x00000006d1700000|
| 254|0x00000006d1800000, 0x00000006d1800000, 0x00000006d1900000|  0%| F|  |TS  0|AC  0|TAMS 0x00000006d1800000, 0x00000006d1800000|
| 255|0x00000006d1900000, 0x00000006d1900000, 0x00000006d1a00000|  0%| F|  |TS  0|AC  0|TAMS 0x00000006d1900000, 0x00000006d1900000|
| 256|0x00000006d1a00000, 0x00000006d1a00000, 0x00000006d1b00000|  0%| F|  |TS  0|AC  0|TAMS 0x00000006d1a00000, 0x00000006d1a00000|
| 257|0x00000006d1b00000, 0x00000006d1b00000, 0x00000006d1c00000|  0%| F|  |TS  0|AC  0|TAMS 0x00000006d1b00000, 0x00000006d1b00000|
| 258|0x00000006d1c00000, 0x00000006d1c00000, 0x00000006d1d00000|  0%| F|  |TS  0|AC  0|TAMS 0x00000006d1c00000, 0x00000006d1c00000|
| 259|0x00000006d1d00000, 0x00000006d1d00000, 0x00000006d1e00000|  0%| F|  |TS  0|AC  0|TAMS 0x00000006d1d00000, 0x00000006d1d00000|
| 260|0x00000006d1e00000, 0x00000006d1e00000, 0x00000006d1f00000|  0%| F|  |TS  0|AC  0|TAMS 0x00000006d1e00000, 0x00000006d1e00000|
| 261|0x00000006d1f00000, 0x00000006d1f00000, 0x00000006d2000000|  0%| F|  |TS  0|AC  0|TAMS 0x00000006d1f00000, 0x00000006d1f00000|
| 262|0x00000006d2000000, 0x00000006d2000000, 0x00000006d2100000|  0%| F|  |TS  0|AC  0|TAMS 0x00000006d2000000, 0x00000006d2000000|
| 263|0x00000006d2100000, 0x00000006d2100000, 0x00000006d2200000|  0%| F|  |TS  0|AC  0|TAMS 0x00000006d2100000, 0x00000006d2100000|
| 264|0x00000006d2200000, 0x00000006d2200000, 0x00000006d2300000|  0%| F|  |TS  0|AC  0|TAMS 0x00000006d2200000, 0x00000006d2200000|
| 265|0x00000006d2300000, 0x00000006d2300000, 0x00000006d2400000|  0%| F|  |TS  0|AC  0|TAMS 0x00000006d2300000, 0x00000006d2300000|
| 266|0x00000006d2400000, 0x00000006d2400000, 0x00000006d2500000|  0%| F|  |TS  0|AC  0|TAMS 0x00000006d2400000, 0x00000006d2400000|
| 267|0x00000006d2500000, 0x00000006d2500000, 0x00000006d2600000|  0%| F|  |TS  0|AC  0|TAMS 0x00000006d2500000, 0x00000006d2500000|
| 268|0x00000006d2600000, 0x00000006d2600000, 0x00000006d2700000|  0%| F|  |TS  0|AC  0|TAMS 0x00000006d2600000, 0x00000006d2600000|
| 269|0x00000006d2700000, 0x00000006d2700000, 0x00000006d2800000|  0%| F|  |TS  0|AC  0|TAMS 0x00000006d2700000, 0x00000006d2700000|
| 270|0x00000006d2800000, 0x00000006d2800000, 0x00000006d2900000|  0%| F|  |TS  0|AC  0|TAMS 0x00000006d2800000, 0x00000006d2800000|
| 271|0x00000006d2900000, 0x00000006d2900000, 0x00000006d2a00000|  0%| F|  |TS  0|AC  0|TAMS 0x00000006d2900000, 0x00000006d2900000|
| 272|0x00000006d2a00000, 0x00000006d2a00000, 0x00000006d2b00000|  0%| F|  |TS  0|AC  0|TAMS 0x00000006d2a00000, 0x00000006d2a00000|
| 273|0x00000006d2b00000, 0x00000006d2b00000, 0x00000006d2c00000|  0%| F|  |TS  0|AC  0|TAMS 0x00000006d2b00000, 0x00000006d2b00000|
| 274|0x00000006d2c00000, 0x00000006d2c00000, 0x00000006d2d00000|  0%| F|  |TS  0|AC  0|TAMS 0x00000006d2c00000, 0x00000006d2c00000|
| 275|0x00000006d2d00000, 0x00000006d2d00000, 0x00000006d2e00000|  0%| F|  |TS  0|AC  0|TAMS 0x00000006d2d00000, 0x00000006d2d00000|
| 276|0x00000006d2e00000, 0x00000006d2e00000, 0x00000006d2f00000|  0%| F|  |TS  0|AC  0|TAMS 0x00000006d2e00000, 0x00000006d2e00000|
| 277|0x00000006d2f00000, 0x00000006d2f00000, 0x00000006d3000000|  0%| F|  |TS  0|AC  0|TAMS 0x00000006d2f00000, 0x00000006d2f00000|
| 278|0x00000006d3000000, 0x00000006d3000000, 0x00000006d3100000|  0%| F|  |TS  0|AC  0|TAMS 0x00000006d3000000, 0x00000006d3000000|
| 279|0x00000006d3100000, 0x00000006d3100000, 0x00000006d3200000|  0%| F|  |TS  0|AC  0|TAMS 0x00000006d3100000, 0x00000006d3100000|
| 280|0x00000006d3200000, 0x00000006d3200000, 0x00000006d3300000|  0%| F|  |TS  0|AC  0|TAMS 0x00000006d3200000, 0x00000006d3200000|
| 281|0x00000006d3300000, 0x00000006d3300000, 0x00000006d3400000|  0%| F|  |TS  0|AC  0|TAMS 0x00000006d3300000, 0x00000006d3300000|
| 282|0x00000006d3400000, 0x00000006d3400000, 0x00000006d3500000|  0%| F|  |TS  0|AC  0|TAMS 0x00000006d3400000, 0x00000006d3400000|
| 283|0x00000006d3500000, 0x00000006d3500000, 0x00000006d3600000|  0%| F|  |TS  0|AC  0|TAMS 0x00000006d3500000, 0x00000006d3500000|
| 284|0x00000006d3600000, 0x00000006d3600000, 0x00000006d3700000|  0%| F|  |TS  0|AC  0|TAMS 0x00000006d3600000, 0x00000006d3600000|
| 285|0x00000006d3700000, 0x00000006d3700000, 0x00000006d3800000|  0%| F|  |TS  0|AC  0|TAMS 0x00000006d3700000, 0x00000006d3700000|
| 286|0x00000006d3800000, 0x00000006d3800000, 0x00000006d3900000|  0%| F|  |TS  0|AC  0|TAMS 0x00000006d3800000, 0x00000006d3800000|
| 287|0x00000006d3900000, 0x00000006d3900000, 0x00000006d3a00000|  0%| F|  |TS  0|AC  0|TAMS 0x00000006d3900000, 0x00000006d3900000|
| 288|0x00000006d3a00000, 0x00000006d3a00000, 0x00000006d3b00000|  0%| F|  |TS  0|AC  0|TAMS 0x00000006d3a00000, 0x00000006d3a00000|
| 289|0x00000006d3b00000, 0x00000006d3b00000, 0x00000006d3c00000|  0%| F|  |TS  0|AC  0|TAMS 0x00000006d3b00000, 0x00000006d3b00000|
| 290|0x00000006d3c00000, 0x00000006d3c00000, 0x00000006d3d00000|  0%| F|  |TS  0|AC  0|TAMS 0x00000006d3c00000, 0x00000006d3c00000|
| 291|0x00000006d3d00000, 0x00000006d3d00000, 0x00000006d3e00000|  0%| F|  |TS  0|AC  0|TAMS 0x00000006d3d00000, 0x00000006d3d00000|
| 292|0x00000006d3e00000, 0x00000006d3f00000, 0x00000006d3f00000|100%| E|  |TS  0|AC  0|TAMS 0x00000006d3e00000, 0x00000006d3e00000|
| 293|0x00000006d3f00000, 0x00000006d4000000, 0x00000006d4000000|100%| E|CS|TS  0|AC  0|TAMS 0x00000006d3f00000, 0x00000006d3f00000|
| 294|0x00000006d4000000, 0x00000006d4100000, 0x00000006d4100000|100%| E|CS|TS  0|AC  0|TAMS 0x00000006d4000000, 0x00000006d4000000|
| 295|0x00000006d4100000, 0x00000006d4200000, 0x00000006d4200000|100%| E|CS|TS  0|AC  0|TAMS 0x00000006d4100000, 0x00000006d4100000|
| 296|0x00000006d4200000, 0x00000006d4300000, 0x00000006d4300000|100%| E|CS|TS  0|AC  0|TAMS 0x00000006d4200000, 0x00000006d4200000|
| 297|0x00000006d4300000, 0x00000006d4400000, 0x00000006d4400000|100%| E|CS|TS  0|AC  0|TAMS 0x00000006d4300000, 0x00000006d4300000|
| 298|0x00000006d4400000, 0x00000006d4500000, 0x00000006d4500000|100%| E|CS|TS  0|AC  0|TAMS 0x00000006d4400000, 0x00000006d4400000|
| 299|0x00000006d4500000, 0x00000006d4600000, 0x00000006d4600000|100%| E|CS|TS  0|AC  0|TAMS 0x00000006d4500000, 0x00000006d4500000|
| 300|0x00000006d4600000, 0x00000006d4700000, 0x00000006d4700000|100%| E|CS|TS  0|AC  0|TAMS 0x00000006d4600000, 0x00000006d4600000|
| 301|0x00000006d4700000, 0x00000006d4800000, 0x00000006d4800000|100%| E|CS|TS  0|AC  0|TAMS 0x00000006d4700000, 0x00000006d4700000|
| 302|0x00000006d4800000, 0x00000006d4900000, 0x00000006d4900000|100%| E|CS|TS  0|AC  0|TAMS 0x00000006d4800000, 0x00000006d4800000|
| 303|0x00000006d4900000, 0x00000006d4a00000, 0x00000006d4a00000|100%| E|CS|TS  0|AC  0|TAMS 0x00000006d4900000, 0x00000006d4900000|
| 304|0x00000006d4a00000, 0x00000006d4b00000, 0x00000006d4b00000|100%| E|CS|TS  0|AC  0|TAMS 0x00000006d4a00000, 0x00000006d4a00000|
| 305|0x00000006d4b00000, 0x00000006d4c00000, 0x00000006d4c00000|100%| E|CS|TS  0|AC  0|TAMS 0x00000006d4b00000, 0x00000006d4b00000|
| 306|0x00000006d4c00000, 0x00000006d4d00000, 0x00000006d4d00000|100%| E|CS|TS  0|AC  0|TAMS 0x00000006d4c00000, 0x00000006d4c00000|
| 307|0x00000006d4d00000, 0x00000006d4e00000, 0x00000006d4e00000|100%| E|CS|TS  0|AC  0|TAMS 0x00000006d4d00000, 0x00000006d4d00000|

Card table byte_map: [0x000001dd3c5a0000,0x000001dd3cda0000] byte_map_base: 0x000001dd38f93000

Marking Bits (Prev, Next): (CMBitMap*) 0x000001dd455683f0, (CMBitMap*) 0x000001dd45568428
 Prev Bits: [0x000001dd3d5a0000, 0x000001dd41538000)
 Next Bits: [0x000001dd41540000, 0x000001dd454d8000)

Polling page: 0x000001dd1fab0000

CodeHeap 'non-profiled nmethods': size=238336Kb used=7425Kb max_used=7425Kb free=230910Kb
 bounds [0x000001dd2c260000, 0x000001dd2c9b0000, 0x000001dd3ab20000]
CodeHeap 'non-nmethods': size=7424Kb used=2983Kb max_used=2983Kb free=4440Kb
 bounds [0x000001dd2bb20000, 0x000001dd2be10000, 0x000001dd2c260000]
 total_blobs=4666 nmethods=4167 adapters=414
 compilation: enabled

Compilation events (10 events):
Event: 42.780 Thread 0x000001dd489e9000 nmethod 4162 0x000001dd2c99e310 code [0x000001dd2c99e4c0, 0x000001dd2c99e5b8]
Event: 42.780 Thread 0x000001dd489e8800 nmethod 4164 0x000001dd2c99e690 code [0x000001dd2c99e840, 0x000001dd2c99e938]
Event: 42.780 Thread 0x000001dd489eb800 nmethod 4163 0x000001dd2c99ea10 code [0x000001dd2c99ebc0, 0x000001dd2c99ecb8]
Event: 42.780 Thread 0x000001dd489ea000 nmethod 4165 0x000001dd2c99ed90 code [0x000001dd2c99ef40, 0x000001dd2c99f038]
Event: 43.754 Thread 0x000001dd489eb800 4166   !   1       sun.nio.ch.SelectorImpl::processDeregisterQueue (101 bytes)
Event: 43.755 Thread 0x000001dd489eb800 nmethod 4166 0x000001dd2c99f110 code [0x000001dd2c99f340, 0x000001dd2c99f8e0]
Event: 50.993 Thread 0x000001dd489e8800 4167  s    1       org.apache.tomcat.util.collections.SynchronizedQueue::poll (61 bytes)
Event: 50.994 Thread 0x000001dd489e8800 nmethod 4167 0x000001dd2c99fd10 code [0x000001dd2c99fec0, 0x000001dd2c9a0218]
Event: 52.795 Thread 0x000001dd489eb800 4168       1       java.nio.channels.spi.AbstractSelector::isOpen (8 bytes)
Event: 52.795 Thread 0x000001dd489eb800 nmethod 4168 0x000001dd2c9a0310 code [0x000001dd2c9a04c0, 0x000001dd2c9a05f8]

GC Heap History (10 events):
Event: 0.713 GC heap before
{Heap before GC invocations=0 (full 0):
 garbage-first heap   total 262144K, used 24576K [0x00000006c1a00000, 0x00000006c1b00800, 0x00000007c0000000)
  region size 1024K, 24 young (24576K), 0 survivors (0K)
 Metaspace       used 14449K, capacity 15234K, committed 15360K, reserved 1062912K
  class space    used 1594K, capacity 1749K, committed 1792K, reserved 1048576K
}
Event: 0.718 GC heap after
{Heap after GC invocations=1 (full 0):
 garbage-first heap   total 262144K, used 6227K [0x00000006c1a00000, 0x00000006c1b00800, 0x00000007c0000000)
  region size 1024K, 3 young (3072K), 3 survivors (3072K)
 Metaspace       used 14449K, capacity 15234K, committed 15360K, reserved 1062912K
  class space    used 1594K, capacity 1749K, committed 1792K, reserved 1048576K
}
Event: 0.948 GC heap before
{Heap before GC invocations=1 (full 0):
 garbage-first heap   total 262144K, used 40019K [0x00000006c1a00000, 0x00000006c1b00800, 0x00000007c0000000)
  region size 1024K, 37 young (37888K), 3 survivors (3072K)
 Metaspace       used 20119K, capacity 21210K, committed 21552K, reserved 1069056K
  class space    used 2347K, capacity 2571K, committed 2608K, reserved 1048576K
}
Event: 0.956 GC heap after
{Heap after GC invocations=2 (full 0):
 garbage-first heap   total 262144K, used 11661K [0x00000006c1a00000, 0x00000006c1b00800, 0x00000007c0000000)
  region size 1024K, 9 young (9216K), 9 survivors (9216K)
 Metaspace       used 20119K, capacity 21210K, committed 21552K, reserved 1069056K
  class space    used 2347K, capacity 2571K, committed 2608K, reserved 1048576K
}
Event: 1.270 GC heap before
{Heap before GC invocations=3 (full 0):
 garbage-first heap   total 262144K, used 51514K [0x00000006c1a00000, 0x00000006c1b00800, 0x00000007c0000000)
  region size 1024K, 49 young (50176K), 9 survivors (9216K)
 Metaspace       used 23789K, capacity 24976K, committed 25136K, reserved 1071104K
  class space    used 2801K, capacity 3042K, committed 3120K, reserved 1048576K
}
Event: 1.277 GC heap after
{Heap after GC invocations=4 (full 0):
 garbage-first heap   total 262144K, used 11283K [0x00000006c1a00000, 0x00000006c1b00800, 0x00000007c0000000)
  region size 1024K, 5 young (5120K), 5 survivors (5120K)
 Metaspace       used 23789K, capacity 24976K, committed 25136K, reserved 1071104K
  class space    used 2801K, capacity 3042K, committed 3120K, reserved 1048576K
}
Event: 2.387 GC heap before
{Heap before GC invocations=4 (full 0):
 garbage-first heap   total 262144K, used 162835K [0x00000006c1a00000, 0x00000006c1b00800, 0x00000007c0000000)
  region size 1024K, 153 young (156672K), 5 survivors (5120K)
 Metaspace       used 33186K, capacity 34638K, committed 34992K, reserved 1079296K
  class space    used 4100K, capacity 4413K, committed 4528K, reserved 1048576K
}
Event: 2.402 GC heap after
{Heap after GC invocations=5 (full 0):
 garbage-first heap   total 262144K, used 27045K [0x00000006c1a00000, 0x00000006c1b00800, 0x00000007c0000000)
  region size 1024K, 20 young (20480K), 20 survivors (20480K)
 Metaspace       used 33186K, capacity 34638K, committed 34992K, reserved 1079296K
  class space    used 4100K, capacity 4413K, committed 4528K, reserved 1048576K
}
Event: 6.572 GC heap before
{Heap before GC invocations=5 (full 0):
 garbage-first heap   total 262144K, used 50597K [0x00000006c1a00000, 0x00000006c1b00800, 0x00000007c0000000)
  region size 1024K, 44 young (45056K), 20 survivors (20480K)
 Metaspace       used 34289K, capacity 35762K, committed 35888K, reserved 1081344K
  class space    used 4232K, capacity 4551K, committed 4656K, reserved 1048576K
}
Event: 6.581 GC heap after
{Heap after GC invocations=6 (full 0):
 garbage-first heap   total 315392K, used 20916K [0x00000006c1a00000, 0x00000006c1b009a0, 0x00000007c0000000)
  region size 1024K, 3 young (3072K), 3 survivors (3072K)
 Metaspace       used 34289K, capacity 35762K, committed 35888K, reserved 1081344K
  class space    used 4232K, capacity 4551K, committed 4656K, reserved 1048576K
}

Deoptimization events (0 events):
No events

Classes redefined (0 events):
No events

Internal exceptions (10 events):
Event: 6.624 Thread 0x000001dd49acd000 Exception <a 'java/lang/ClassNotFoundException'{0x00000006d4a772c0}: org/springframework/web/servlet/ThemeResolverCustomizer> (0x00000006d4a772c0) thrown at [t:/workspace/hotspot/src/share/vm/classfile/systemDictionary.cpp, line 218]
Event: 6.625 Thread 0x000001dd49acd000 Exception <a 'java/lang/ClassNotFoundException'{0x00000006d4a90150}: java/lang/ObjectCustomizer> (0x00000006d4a90150) thrown at [t:/workspace/hotspot/src/share/vm/classfile/systemDictionary.cpp, line 218]
Event: 6.626 Thread 0x000001dd49acd000 Exception <a 'java/lang/ClassNotFoundException'{0x00000006d4aa5048}: org/springframework/web/servlet/view/DefaultRequestToViewNameTranslatorCustomizer> (0x00000006d4aa5048) thrown at [t:/workspace/hotspot/src/share/vm/classfile/systemDictionary.cpp, line 
Event: 6.627 Thread 0x000001dd49acd000 Exception <a 'java/lang/ClassNotFoundException'{0x00000006d4ac5218}: org/springframework/web/servlet/RequestToViewNameTranslatorCustomizer> (0x00000006d4ac5218) thrown at [t:/workspace/hotspot/src/share/vm/classfile/systemDictionary.cpp, line 218]
Event: 6.628 Thread 0x000001dd49acd000 Exception <a 'java/lang/ClassNotFoundException'{0x00000006d4af3ba0}: java/lang/ObjectCustomizer> (0x00000006d4af3ba0) thrown at [t:/workspace/hotspot/src/share/vm/classfile/systemDictionary.cpp, line 218]
Event: 6.629 Thread 0x000001dd49acd000 Exception <a 'java/lang/ClassNotFoundException'{0x00000006d4908208}: org/springframework/web/servlet/support/AbstractFlashMapManagerCustomizer> (0x00000006d4908208) thrown at [t:/workspace/hotspot/src/share/vm/classfile/systemDictionary.cpp, line 218]
Event: 6.630 Thread 0x000001dd49acd000 Exception <a 'java/lang/ClassNotFoundException'{0x00000006d491d808}: org/springframework/web/servlet/support/SessionFlashMapManagerCustomizer> (0x00000006d491d808) thrown at [t:/workspace/hotspot/src/share/vm/classfile/systemDictionary.cpp, line 218]
Event: 6.631 Thread 0x000001dd49acd000 Exception <a 'java/lang/ClassNotFoundException'{0x00000006d492e3e0}: org/springframework/web/servlet/FlashMapManagerCustomizer> (0x00000006d492e3e0) thrown at [t:/workspace/hotspot/src/share/vm/classfile/systemDictionary.cpp, line 218]
Event: 6.657 Thread 0x000001dd49acd000 Exception <a 'java/lang/NoSuchMethodError'{0x00000006d47738f0}: java.lang.Object.lambda$thenComparing$36697e65$1(Ljava/util/Comparator;Ljava/lang/Object;Ljava/lang/Object;)I> (0x00000006d47738f0) thrown at [t:/workspace/hotspot/src/share/vm/interpreter/li
Event: 6.671 Thread 0x000001dd49acd000 Exception <a 'java/lang/NoSuchMethodError'{0x00000006d4636eb8}: method resolution failed> (0x00000006d4636eb8) thrown at [t:/workspace/hotspot/src/share/vm/prims/methodHandles.cpp, line 1256]

Events (10 events):
Event: 6.717 loading class com/fasterxml/jackson/databind/ser/impl/PropertySerializerMap$TypeAndSerializer
Event: 6.717 loading class com/fasterxml/jackson/databind/ser/impl/PropertySerializerMap$TypeAndSerializer done
Event: 6.717 loading class com/fasterxml/jackson/databind/ser/impl/PropertySerializerMap$Multi
Event: 6.717 loading class com/fasterxml/jackson/databind/ser/impl/PropertySerializerMap$Multi done
Event: 12.047 Thread 0x000001dd4ad2e800 Thread exited: 0x000001dd4ad2e800
Event: 12.047 Thread 0x000001dd4ad2d800 Thread exited: 0x000001dd4ad2d800
Event: 32.041 loading class org/apache/catalina/webresources/Cache$EvictionOrder
Event: 32.041 loading class org/apache/catalina/webresources/Cache$EvictionOrder done
Event: 32.041 loading class org/apache/tomcat/PeriodicEventListener
Event: 32.041 loading class org/apache/tomcat/PeriodicEventListener done


Dynamic libraries:
0x00007ff69ae20000 - 0x00007ff69ae5e000 	C:\Program Files\Java\jdk-9.0.1\bin\javaw.exe
0x00007ff85df50000 - 0x00007ff85e12b000 	C:\WINDOWS\SYSTEM32\ntdll.dll
0x00007ff8412e0000 - 0x00007ff841313000 	C:\Program Files\AVAST Software\Avast\x64\aswhooka.dll
0x00007ff85ce80000 - 0x00007ff85cf2e000 	C:\WINDOWS\System32\KERNEL32.DLL
0x00007ff85b120000 - 0x00007ff85b369000 	C:\WINDOWS\System32\KERNELBASE.dll
0x00007ff85dcc0000 - 0x00007ff85dd61000 	C:\WINDOWS\System32\ADVAPI32.dll
0x00007ff85da50000 - 0x00007ff85daed000 	C:\WINDOWS\System32\msvcrt.dll
0x00007ff85daf0000 - 0x00007ff85db49000 	C:\WINDOWS\System32\sechost.dll
0x00007ff85d920000 - 0x00007ff85da45000 	C:\WINDOWS\System32\RPCRT4.dll
0x00007ff85db50000 - 0x00007ff85dc9a000 	C:\WINDOWS\System32\USER32.dll
0x00007ff85b470000 - 0x00007ff85b48e000 	C:\WINDOWS\System32\win32u.dll
0x00007ff85dd70000 - 0x00007ff85dd97000 	C:\WINDOWS\System32\GDI32.dll
0x00007ff85a550000 - 0x00007ff85a6d7000 	C:\WINDOWS\System32\gdi32full.dll
0x00007ff85b3d0000 - 0x00007ff85b46a000 	C:\WINDOWS\System32\msvcp_win.dll
0x00007ff85a450000 - 0x00007ff85a546000 	C:\WINDOWS\System32\ucrtbase.dll
0x00007ff846d40000 - 0x00007ff846fa7000 	C:\WINDOWS\WinSxS\amd64_microsoft.windows.common-controls_6595b64144ccf1df_6.0.15063.483_none_26002d27e7c744a2\COMCTL32.dll
0x00007ff85b540000 - 0x00007ff85b839000 	C:\WINDOWS\System32\combase.dll
0x00007ff85a6e0000 - 0x00007ff85a74a000 	C:\WINDOWS\System32\bcryptPrimitives.dll
0x00007ff855de0000 - 0x00007ff855dea000 	C:\WINDOWS\SYSTEM32\VERSION.dll
0x00007ff85d8f0000 - 0x00007ff85d91d000 	C:\WINDOWS\System32\IMM32.DLL
0x00007ff845a30000 - 0x00007ff845b1f000 	C:\Program Files\Java\jdk-9.0.1\bin\msvcr120.dll
0x00007ff843230000 - 0x00007ff8432d6000 	C:\Program Files\Java\jdk-9.0.1\bin\msvcp120.dll
0x0000000072340000 - 0x0000000072d64000 	C:\Program Files\Java\jdk-9.0.1\bin\server\jvm.dll
0x00007ff85dda0000 - 0x00007ff85dda8000 	C:\WINDOWS\System32\PSAPI.DLL
0x00007ff84fbd0000 - 0x00007ff84fbd9000 	C:\WINDOWS\SYSTEM32\WSOCK32.dll
0x00007ff85d110000 - 0x00007ff85d17c000 	C:\WINDOWS\System32\WS2_32.dll
0x00007ff84e200000 - 0x00007ff84e223000 	C:\WINDOWS\SYSTEM32\WINMM.dll
0x00007ff84e1d0000 - 0x00007ff84e1fb000 	C:\WINDOWS\SYSTEM32\WINMMBASE.dll
0x00007ff85a750000 - 0x00007ff85a799000 	C:\WINDOWS\System32\cfgmgr32.dll
0x00007ff8563b0000 - 0x00007ff8563bf000 	C:\Program Files\Java\jdk-9.0.1\bin\verify.dll
0x00007ff84b360000 - 0x00007ff84b387000 	C:\Program Files\Java\jdk-9.0.1\bin\java.dll
0x00007ff84b290000 - 0x00007ff84b2c6000 	C:\Program Files\Java\jdk-9.0.1\bin\jdwp.dll
0x00007ff853030000 - 0x00007ff853046000 	C:\Program Files\Java\jdk-9.0.1\bin\zip.dll
0x00007ff855d00000 - 0x00007ff855d0a000 	C:\Program Files\Java\jdk-9.0.1\bin\jimage.dll
0x00007ff85b8a0000 - 0x00007ff85ccd7000 	C:\WINDOWS\System32\SHELL32.dll
0x00007ff85b490000 - 0x00007ff85b53a000 	C:\WINDOWS\System32\shcore.dll
0x00007ff85aa20000 - 0x00007ff85b111000 	C:\WINDOWS\System32\windows.storage.dll
0x00007ff85b840000 - 0x00007ff85b891000 	C:\WINDOWS\System32\shlwapi.dll
0x00007ff85a3a0000 - 0x00007ff85a3b1000 	C:\WINDOWS\System32\kernel.appcore.dll
0x00007ff85a3e0000 - 0x00007ff85a42c000 	C:\WINDOWS\System32\powrprof.dll
0x00007ff85a3c0000 - 0x00007ff85a3d5000 	C:\WINDOWS\System32\profapi.dll
0x00007ff84dec0000 - 0x00007ff84deda000 	C:\Program Files\Java\jdk-9.0.1\bin\net.dll
0x00007ff855a90000 - 0x00007ff855b66000 	C:\WINDOWS\SYSTEM32\WINHTTP.dll
0x00007ff859c50000 - 0x00007ff859cac000 	C:\WINDOWS\system32\mswsock.dll
0x00007ff848a00000 - 0x00007ff848a11000 	C:\Program Files\Java\jdk-9.0.1\bin\nio.dll
0x00007ff855080000 - 0x00007ff85508a000 	C:\Program Files\Java\jdk-9.0.1\bin\dt_socket.dll
0x00007ff859a30000 - 0x00007ff859ad4000 	C:\WINDOWS\SYSTEM32\DNSAPI.dll
0x00007ff85df40000 - 0x00007ff85df48000 	C:\WINDOWS\System32\NSI.dll
0x00007ff8599f0000 - 0x00007ff859a27000 	C:\WINDOWS\SYSTEM32\IPHLPAPI.DLL
0x0000000076970000 - 0x0000000076996000 	C:\Program Files\Bonjour\mdnsNSP.dll
0x00007ff856f60000 - 0x00007ff856fcb000 	C:\WINDOWS\System32\fwpuclnt.dll
0x00007ff85a1d0000 - 0x00007ff85a1f5000 	C:\WINDOWS\SYSTEM32\bcrypt.dll
0x00007ff854300000 - 0x00007ff85430a000 	C:\Windows\System32\rasadhlp.dll
0x00007ff853e20000 - 0x00007ff853e29000 	C:\Program Files\Java\jdk-9.0.1\bin\management.dll
0x00007ff853b80000 - 0x00007ff853b8a000 	C:\Program Files\Java\jdk-9.0.1\bin\management_ext.dll
0x00007ff856690000 - 0x00007ff8566a8000 	C:\WINDOWS\system32\NLAapi.dll
0x00007ff820850000 - 0x00007ff820866000 	C:\WINDOWS\system32\napinsp.dll
0x00007ff820830000 - 0x00007ff82084a000 	C:\WINDOWS\system32\pnrpnsp.dll
0x00007ff83af20000 - 0x00007ff83af2e000 	C:\WINDOWS\System32\winrnr.dll
0x00007ff859df0000 - 0x00007ff859e07000 	C:\WINDOWS\SYSTEM32\CRYPTSP.dll
0x00007ff859870000 - 0x00007ff8598a4000 	C:\WINDOWS\system32\rsaenh.dll
0x00007ff85a2d0000 - 0x00007ff85a2f9000 	C:\WINDOWS\SYSTEM32\USERENV.dll
0x00007ff859e10000 - 0x00007ff859e1b000 	C:\WINDOWS\SYSTEM32\CRYPTBASE.dll
0x00007ff857210000 - 0x00007ff857226000 	C:\WINDOWS\SYSTEM32\dhcpcsvc6.DLL
0x00007ff8571f0000 - 0x00007ff85720a000 	C:\WINDOWS\SYSTEM32\dhcpcsvc.DLL
0x00007ff8560b0000 - 0x00007ff856259000 	C:\WINDOWS\SYSTEM32\dbghelp.dll

VM Arguments:
jvm_args: -agentlib:jdwp=transport=dt_socket,suspend=y,address=localhost:65045 -Dcom.sun.management.jmxremote -Dcom.sun.management.jmxremote.port=65044 -Dcom.sun.management.jmxremote.authenticate=false -Dcom.sun.management.jmxremote.ssl=false -Djava.rmi.server.hostname=localhost -Dspring.application.admin.enabled=true -Xverify:none -XX:TieredStopAtLevel=1 -Dfile.encoding=UTF-8 
java_command: heatingbackend.HeatingbackendApplication
java_class_path (initial): C:\Users\Christian\eclipse-workspace\heatingbackend\target\classes;C:\Users\Christian\.m2\repository\org\springframework\boot\spring-boot-starter-web\2.0.0.M6\spring-boot-starter-web-2.0.0.M6.jar;C:\Users\Christian\.m2\repository\org\springframework\boot\spring-boot-starter\2.0.0.M6\spring-boot-starter-2.0.0.M6.jar;C:\Users\Christian\.m2\repository\org\springframework\boot\spring-boot\2.0.0.M6\spring-boot-2.0.0.M6.jar;C:\Users\Christian\.m2\repository\org\springframework\boot\spring-boot-autoconfigure\2.0.0.M6\spring-boot-autoconfigure-2.0.0.M6.jar;C:\Users\Christian\.m2\repository\org\springframework\boot\spring-boot-starter-logging\2.0.0.M6\spring-boot-starter-logging-2.0.0.M6.jar;C:\Users\Christian\.m2\repository\ch\qos\logback\logback-classic\1.2.3\logback-classic-1.2.3.jar;C:\Users\Christian\.m2\repository\ch\qos\logback\logback-core\1.2.3\logback-core-1.2.3.jar;C:\Users\Christian\.m2\repository\org\apache\logging\log4j\log4j-to-slf4j\2.9.1\log4j-to-slf4j-2.9.1.jar;C:\Users\Christian\.m2\repository\org\apache\logging\log4j\log4j-api\2.9.1\log4j-api-2.9.1.jar;C:\Users\Christian\.m2\repository\org\slf4j\jul-to-slf4j\1.7.25\jul-to-slf4j-1.7.25.jar;C:\Users\Christian\.m2\repository\org\slf4j\log4j-over-slf4j\1.7.25\log4j-over-slf4j-1.7.25.jar;C:\Users\Christian\.m2\repository\javax\annotation\javax.annotation-api\1.3.1\javax.annotation-api-1.3.1.jar;C:\Users\Christian\.m2\repository\org\yaml\snakeyaml\1.19\snakeyaml-1.19.jar;C:\Users\Christian\.m2\repository\org\springframework\boot\spring-boot-starter-json\2.0.0.M6\spring-boot-starter-json-2.0.0.M6.jar;C:\Users\Christian\.m2\repository\com\fasterxml\jackson\core\jackson-databind\2.9.2\jackson-databind-2.9.2.jar;C:\Users\Christian\.m2\repository\com\fasterxml\jackson\core\jackson-annotations\2.9.0\jackson-annotations-2.9.0.jar;C:\Users\Christian\.m2\repository\com\fasterxml\jackson\core\jackson-core\2.9.2\jackson-core-2.9.2.jar;C:\Users\Christian\.m2\repository\com\fasterxml\jackson\dat
Launcher Type: SUN_STANDARD

Logging:
Log output configuration:
#0: stdout all=warning uptime,level,tags
#1: stderr all=off uptime,level,tags

Environment Variables:
PATH=C:\ProgramData\Oracle\Java\javapath;C:\Program Files (x86)\Intel\iCLS Client\;C:\Program Files\Intel\iCLS Client\;C:\Windows\system32;C:\Windows;C:\Windows\System32\Wbem;C:\Windows\System32\WindowsPowerShell\v1.0\;C:\Program Files\Intel\Intel(R) Management Engine Components\DAL;C:\Program Files\Intel\Intel(R) Management Engine Components\IPT;C:\Program Files (x86)\Intel\Intel(R) Management Engine Components\DAL;C:\Program Files (x86)\Intel\Intel(R) Management Engine Components\IPT;C:\Program Files (x86)\Intel\OpenCL SDK\3.0\bin\x86;C:\Program Files (x86)\Intel\OpenCL SDK\3.0\bin\x64;C:\Program Files (x86)\NVIDIA Corporation\PhysX\Common;C:\WINDOWS\system32;C:\WINDOWS;C:\WINDOWS\System32\Wbem;C:\WINDOWS\System32\WindowsPowerShell\v1.0\;C:\Program Files (x86)\Common Files\Apple\Internet Services\;C:\Program Files\Git\cmd;C:\Program Files\nodejs\;C:\Users\Christian\AppData\Local\Microsoft\WindowsApps;;C:\Program Files\Microsoft VS Code\bin;C:\Users\Christian\AppData\Roaming\npm
USERNAME=Christian
OS=Windows_NT
PROCESSOR_IDENTIFIER=Intel64 Family 6 Model 60 Stepping 3, GenuineIntel



---------------  S Y S T E M  ---------------

OS: Windows 10 , 64 bit Build 15063 (10.0.15063.296)

CPU:total 8 (initial active 8) (4 cores per cpu, 2 threads per core) family 6 model 60 stepping 3, cmov, cx8, fxsr, mmx, sse, sse2, sse3, ssse3, sse4.1, sse4.2, popcnt, avx, avx2, aes, clmul, erms, lzcnt, ht, tsc, tscinvbit, bmi1, bmi2, fma

Memory: 4k page, physical 16662532k(5736080k free), swap 33439748k(20635956k free)

vm_info: Java HotSpot(TM) 64-Bit Server VM (9.0.1+11) for windows-amd64 JRE (9.0.1+11), built on Sep 28 2017 04:54:03 by "mach5one" with MS VC++ 12.0 (VS2013)

END.
